ARM GAS  C:\Users\STUDENT\AppData\Local\Temp\ccAKPE3i.s 			page 1


   1              		.syntax unified
   2              		.cpu cortex-m0
   3              		.fpu softvfp
   4              		.eabi_attribute 20, 1
   5              		.eabi_attribute 21, 1
   6              		.eabi_attribute 23, 3
   7              		.eabi_attribute 24, 1
   8              		.eabi_attribute 25, 1
   9              		.eabi_attribute 26, 1
  10              		.eabi_attribute 30, 4
  11              		.eabi_attribute 34, 0
  12              		.eabi_attribute 18, 4
  13              		.thumb
  14              		.syntax unified
  15              		.file	"main.c"
  16              		.text
  17              	.Ltext0:
  18              		.cfi_sections	.debug_frame
  19              		.section	.text.printMatrix,"ax",%progbits
  20              		.align	1
  21              		.global	printMatrix
  22              		.code	16
  23              		.thumb_func
  24              		.type	printMatrix, %function
  25              	printMatrix:
  26              	.LFB32:
  27              		.file 1 "main.c"
   1:main.c        **** #include "project.h"
   2:main.c        **** 
   3:main.c        **** void (*write_col[3])(uint8) = {COLUMN_0_Write, COLUMN_1_Write, COLUMN_2_Write};
   4:main.c        **** void (*set_col_dm[3])(uint8) = {COLUMN_0_SetDriveMode, COLUMN_1_SetDriveMode, COLUMN_2_SetDriveMode
   5:main.c        **** uint8 (*read_row[4])(void) = {ROW_0_Read, ROW_1_Read, ROW_2_Read, ROW_3_Read};
   6:main.c        **** 
   7:main.c        **** uint8_t keys[4][3];
   8:main.c        **** uint8_t key_map[4][3] = {
   9:main.c        ****     {'1', '2', '3'},
  10:main.c        ****     {'4', '5', '6'},
  11:main.c        ****     {'7', '8', '9'},
  12:main.c        ****     {'*', '0', '#'}
  13:main.c        **** };
  14:main.c        **** 
  15:main.c        **** void printMatrix()
  16:main.c        **** {
  28              		.loc 1 16 0
  29              		.cfi_startproc
  30              		@ args = 0, pretend = 0, frame = 0
  31              		@ frame_needed = 0, uses_anonymous_args = 0
  32              	.LVL0:
  33 0000 70B5     		push	{r4, r5, r6, lr}
  34              		.cfi_def_cfa_offset 16
  35              		.cfi_offset 4, -16
  36              		.cfi_offset 5, -12
  37              		.cfi_offset 6, -8
  38              		.cfi_offset 14, -4
  39 0002 0B4D     		ldr	r5, .L7
  40 0004 0B4E     		ldr	r6, .L7+4
  41              	.LVL1:
ARM GAS  C:\Users\STUDENT\AppData\Local\Temp\ccAKPE3i.s 			page 2


  42              	.L2:
  43              		.loc 1 16 0
  44 0006 0024     		movs	r4, #0
  45              	.LVL2:
  46              	.L3:
  47              	.LBB2:
  48              	.LBB3:
  17:main.c        ****     for(int r = 0; r < 4; r++)
  18:main.c        ****     {
  19:main.c        ****         for(int c = 0; c < 3; c++)
  20:main.c        ****         {
  21:main.c        ****             SW_Tx_UART_PutChar(keys[r][c] + '0');
  49              		.loc 1 21 0 discriminator 3
  50 0008 285D     		ldrb	r0, [r5, r4]
  19:main.c        ****         {
  51              		.loc 1 19 0 discriminator 3
  52 000a 0134     		adds	r4, r4, #1
  53              	.LVL3:
  54              		.loc 1 21 0 discriminator 3
  55 000c 3030     		adds	r0, r0, #48
  56 000e C0B2     		uxtb	r0, r0
  57 0010 FFF7FEFF 		bl	SW_Tx_UART_PutChar
  58              	.LVL4:
  22:main.c        ****             SW_Tx_UART_PutChar(' ');
  59              		.loc 1 22 0 discriminator 3
  60 0014 2020     		movs	r0, #32
  61 0016 FFF7FEFF 		bl	SW_Tx_UART_PutChar
  62              	.LVL5:
  19:main.c        ****         {
  63              		.loc 1 19 0 discriminator 3
  64 001a 032C     		cmp	r4, #3
  65 001c F4D1     		bne	.L3
  66 001e 0335     		adds	r5, r5, #3
  67              	.LBE3:
  23:main.c        ****         }
  24:main.c        ****         SW_Tx_UART_PutCRLF();
  68              		.loc 1 24 0 discriminator 2
  69 0020 FFF7FEFF 		bl	SW_Tx_UART_PutCRLF
  70              	.LVL6:
  17:main.c        ****     {
  71              		.loc 1 17 0 discriminator 2
  72 0024 B542     		cmp	r5, r6
  73 0026 EED1     		bne	.L2
  74              	.LBE2:
  25:main.c        ****     }
  26:main.c        ****     SW_Tx_UART_PutCRLF();
  75              		.loc 1 26 0
  76 0028 FFF7FEFF 		bl	SW_Tx_UART_PutCRLF
  77              	.LVL7:
  27:main.c        **** }
  78              		.loc 1 27 0
  79              		@ sp needed
  80              	.LVL8:
  81 002c 70BD     		pop	{r4, r5, r6, pc}
  82              	.L8:
  83 002e C046     		.align	2
  84              	.L7:
ARM GAS  C:\Users\STUDENT\AppData\Local\Temp\ccAKPE3i.s 			page 3


  85 0030 00000000 		.word	keys
  86 0034 0C000000 		.word	keys+12
  87              		.cfi_endproc
  88              	.LFE32:
  89              		.size	printMatrix, .-printMatrix
  90              		.section	.text.startup.main,"ax",%progbits
  91              		.align	1
  92              		.global	main
  93              		.code	16
  94              		.thumb_func
  95              		.type	main, %function
  96              	main:
  97              	.LFB33:
  28:main.c        **** 
  29:main.c        **** int main(void)
  30:main.c        **** {
  98              		.loc 1 30 0
  99              		.cfi_startproc
 100              		@ args = 0, pretend = 0, frame = 16
 101              		@ frame_needed = 0, uses_anonymous_args = 0
 102 0000 F0B5     		push	{r4, r5, r6, r7, lr}
 103              		.cfi_def_cfa_offset 20
 104              		.cfi_offset 4, -20
 105              		.cfi_offset 5, -16
 106              		.cfi_offset 6, -12
 107              		.cfi_offset 7, -8
 108              		.cfi_offset 14, -4
 109 0002 85B0     		sub	sp, sp, #20
 110              		.cfi_def_cfa_offset 40
  31:main.c        ****     CyGlobalIntEnable;
 111              		.loc 1 31 0
 112              		.syntax divided
 113              	@ 31 "main.c" 1
 114 0004 62B6     		CPSIE   i
 115              	@ 0 "" 2
  32:main.c        ****     SW_Tx_UART_Start();
 116              		.loc 1 32 0
 117              		.thumb
 118              		.syntax unified
 119 0006 FFF7FEFF 		bl	SW_Tx_UART_Start
 120              	.LVL9:
 121 000a 0024     		movs	r4, #0
 122              	.LVL10:
 123              	.L10:
 124              	.LBB4:
  33:main.c        ****     
  34:main.c        ****     for(int i = 0; i < 3; i++) set_col_dm[i](COLUMN_0_DM_DIG_HIZ);
 125              		.loc 1 34 0 discriminator 3
 126 000c 414D     		ldr	r5, .L33
 127 000e 0120     		movs	r0, #1
 128 0010 6359     		ldr	r3, [r4, r5]
 129 0012 0434     		adds	r4, r4, #4
 130 0014 9847     		blx	r3
 131              	.LVL11:
 132 0016 0195     		str	r5, [sp, #4]
 133 0018 0C2C     		cmp	r4, #12
 134 001a F7D1     		bne	.L10
ARM GAS  C:\Users\STUDENT\AppData\Local\Temp\ccAKPE3i.s 			page 4


 135 001c 0023     		movs	r3, #0
 136 001e 0293     		str	r3, [sp, #8]
 137              	.L23:
 138              	.LVL12:
 139              	.LBE4:
 140              	.LBB5:
 141              	.LBB6:
  35:main.c        **** 
  36:main.c        ****     uint8_t last_key = 0;
  37:main.c        **** 
  38:main.c        ****     for(;;)
  39:main.c        ****     {
  40:main.c        ****         uint8_t current_key = 0;
  41:main.c        **** 
  42:main.c        ****         for(int c = 0; c < 3; c++)
 142              		.loc 1 42 0
 143 0020 0024     		movs	r4, #0
 144              	.LBE6:
  40:main.c        **** 
 145              		.loc 1 40 0
 146 0022 2500     		movs	r5, r4
 147              	.LVL13:
 148              	.L13:
 149              	.LBB8:
  43:main.c        ****         {
  44:main.c        ****             set_col_dm[c](COLUMN_0_DM_STRONG);
 150              		.loc 1 44 0
 151 0024 019B     		ldr	r3, [sp, #4]
 152 0026 A700     		lsls	r7, r4, #2
 153 0028 DB59     		ldr	r3, [r3, r7]
 154 002a 0620     		movs	r0, #6
 155 002c 0393     		str	r3, [sp, #12]
 156 002e 9847     		blx	r3
 157              	.LVL14:
  45:main.c        ****             write_col[c](0);
 158              		.loc 1 45 0
 159 0030 019B     		ldr	r3, [sp, #4]
 160 0032 0020     		movs	r0, #0
 161 0034 0C33     		adds	r3, r3, #12
 162 0036 FB58     		ldr	r3, [r7, r3]
 163 0038 9847     		blx	r3
 164              	.LVL15:
 165              	.LBB7:
  46:main.c        ****             for(int r = 0; r < 4; r++)
 166              		.loc 1 46 0
 167 003a 0026     		movs	r6, #0
 168              	.LVL16:
 169              	.L12:
  47:main.c        ****             {
  48:main.c        ****                 keys[r][c] = read_row[r]();
 170              		.loc 1 48 0
 171 003c 354B     		ldr	r3, .L33
 172 003e B200     		lsls	r2, r6, #2
 173 0040 1833     		adds	r3, r3, #24
 174 0042 D358     		ldr	r3, [r2, r3]
 175 0044 9847     		blx	r3
 176              	.LVL17:
ARM GAS  C:\Users\STUDENT\AppData\Local\Temp\ccAKPE3i.s 			page 5


 177 0046 0322     		movs	r2, #3
 178 0048 7243     		muls	r2, r6
 179 004a 334B     		ldr	r3, .L33+4
 180 004c 1B19     		adds	r3, r3, r4
 181 004e 9854     		strb	r0, [r3, r2]
  49:main.c        ****                 if(keys[r][c] == 0) current_key = key_map[r][c];
 182              		.loc 1 49 0
 183 0050 0028     		cmp	r0, #0
 184 0052 03D1     		bne	.L11
 185              		.loc 1 49 0 is_stmt 0 discriminator 1
 186 0054 2F4B     		ldr	r3, .L33
 187 0056 2833     		adds	r3, r3, #40
 188 0058 1B19     		adds	r3, r3, r4
 189 005a 9D5C     		ldrb	r5, [r3, r2]
 190              	.LVL18:
 191              	.L11:
  46:main.c        ****             for(int r = 0; r < 4; r++)
 192              		.loc 1 46 0 is_stmt 1 discriminator 2
 193 005c 0136     		adds	r6, r6, #1
 194              	.LVL19:
 195 005e 042E     		cmp	r6, #4
 196 0060 ECD1     		bne	.L12
 197              	.LBE7:
  50:main.c        ****             }
  51:main.c        ****             write_col[c](1);
 198              		.loc 1 51 0 discriminator 2
 199 0062 019B     		ldr	r3, [sp, #4]
 200 0064 0120     		movs	r0, #1
 201 0066 0C33     		adds	r3, r3, #12
 202 0068 FB58     		ldr	r3, [r7, r3]
 203 006a 9847     		blx	r3
 204              	.LVL20:
  52:main.c        ****             set_col_dm[c](COLUMN_0_DM_DIG_HIZ);
 205              		.loc 1 52 0 discriminator 2
 206 006c 019B     		ldr	r3, [sp, #4]
 207 006e 0120     		movs	r0, #1
 208 0070 DB59     		ldr	r3, [r3, r7]
  42:main.c        ****         {
 209              		.loc 1 42 0 discriminator 2
 210 0072 0134     		adds	r4, r4, #1
 211              	.LVL21:
 212              		.loc 1 52 0 discriminator 2
 213 0074 9847     		blx	r3
 214              	.LVL22:
  42:main.c        ****         {
 215              		.loc 1 42 0 discriminator 2
 216 0076 032C     		cmp	r4, #3
 217 0078 D4D1     		bne	.L13
 218              	.LBE8:
  53:main.c        ****         }
  54:main.c        **** 
  55:main.c        ****         if(current_key != last_key)
 219              		.loc 1 55 0
 220 007a 029B     		ldr	r3, [sp, #8]
 221 007c AB42     		cmp	r3, r5
 222 007e 43D0     		beq	.L14
  56:main.c        ****         {
ARM GAS  C:\Users\STUDENT\AppData\Local\Temp\ccAKPE3i.s 			page 6


  57:main.c        ****             if(current_key != 0)
 223              		.loc 1 57 0
 224 0080 002D     		cmp	r5, #0
 225 0082 33D0     		beq	.L15
  58:main.c        ****             {
  59:main.c        ****                 SW_Tx_UART_PutString("Button pressed: ");
 226              		.loc 1 59 0
 227 0084 2548     		ldr	r0, .L33+8
 228 0086 FFF7FEFF 		bl	SW_Tx_UART_PutString
 229              	.LVL23:
  60:main.c        ****                 SW_Tx_UART_PutChar(current_key);
 230              		.loc 1 60 0
 231 008a 2800     		movs	r0, r5
 232 008c FFF7FEFF 		bl	SW_Tx_UART_PutChar
 233              	.LVL24:
  61:main.c        ****                 SW_Tx_UART_PutCRLF();
 234              		.loc 1 61 0
 235 0090 FFF7FEFF 		bl	SW_Tx_UART_PutCRLF
 236              	.LVL25:
  62:main.c        ****                 
  63:main.c        ****                 printMatrix();
 237              		.loc 1 63 0
 238 0094 FFF7FEFF 		bl	printMatrix
 239              	.LVL26:
  64:main.c        **** 
  65:main.c        ****                 switch(current_key)
 240              		.loc 1 65 0
 241 0098 2800     		movs	r0, r5
 242 009a 2338     		subs	r0, r0, #35
 243 009c 1628     		cmp	r0, #22
 244 009e 33D8     		bhi	.L14
 245 00a0 FFF7FEFF 		bl	__gnu_thumb1_case_uqi
 246              	.L17:
 247 00a4 1C       		.byte	(.L16-.L17)/2
 248 00a5 32       		.byte	(.L14-.L17)/2
 249 00a6 32       		.byte	(.L14-.L17)/2
 250 00a7 32       		.byte	(.L14-.L17)/2
 251 00a8 32       		.byte	(.L14-.L17)/2
 252 00a9 32       		.byte	(.L14-.L17)/2
 253 00aa 32       		.byte	(.L14-.L17)/2
 254 00ab 12       		.byte	(.L18-.L17)/2
 255 00ac 32       		.byte	(.L14-.L17)/2
 256 00ad 32       		.byte	(.L14-.L17)/2
 257 00ae 32       		.byte	(.L14-.L17)/2
 258 00af 32       		.byte	(.L14-.L17)/2
 259 00b0 32       		.byte	(.L14-.L17)/2
 260 00b1 17       		.byte	(.L19-.L17)/2
 261 00b2 0C       		.byte	(.L20-.L17)/2
 262 00b3 0E       		.byte	(.L21-.L17)/2
 263 00b4 10       		.byte	(.L22-.L17)/2
 264 00b5 12       		.byte	(.L18-.L17)/2
 265 00b6 17       		.byte	(.L19-.L17)/2
 266 00b7 1C       		.byte	(.L16-.L17)/2
 267 00b8 0C       		.byte	(.L20-.L17)/2
 268 00b9 0E       		.byte	(.L21-.L17)/2
 269 00ba 10       		.byte	(.L22-.L17)/2
 270 00bb 00       		.p2align 1
ARM GAS  C:\Users\STUDENT\AppData\Local\Temp\ccAKPE3i.s 			page 7


 271              	.L20:
  66:main.c        ****                 {
  67:main.c        ****                     case '1': case '7': LED_RED_Write(0); LED_GREEN_Write(1); LED_BLUE_Write(1); br
 272              		.loc 1 67 0
 273 00bc 0020     		movs	r0, #0
 274 00be 1BE0     		b	.L27
 275              	.L21:
  68:main.c        ****                     case '2': case '8': LED_RED_Write(1); LED_GREEN_Write(0); LED_BLUE_Write(1); br
 276              		.loc 1 68 0
 277 00c0 0120     		movs	r0, #1
 278 00c2 02E0     		b	.L30
 279              	.L22:
  69:main.c        ****                     case '3': case '9': LED_RED_Write(1); LED_GREEN_Write(1); LED_BLUE_Write(0); br
 280              		.loc 1 69 0
 281 00c4 0120     		movs	r0, #1
 282 00c6 05E0     		b	.L32
 283              	.L18:
  70:main.c        ****                     case '4': case '*': LED_RED_Write(0); LED_GREEN_Write(0); LED_BLUE_Write(1); br
 284              		.loc 1 70 0
 285 00c8 0020     		movs	r0, #0
 286              	.L30:
 287 00ca FFF7FEFF 		bl	LED_RED_Write
 288              	.LVL27:
 289 00ce 0020     		movs	r0, #0
 290 00d0 15E0     		b	.L29
 291              	.L19:
  71:main.c        ****                     case '5': case '0': LED_RED_Write(0); LED_GREEN_Write(1); LED_BLUE_Write(0); br
 292              		.loc 1 71 0
 293 00d2 0020     		movs	r0, #0
 294              	.L32:
 295 00d4 FFF7FEFF 		bl	LED_RED_Write
 296              	.LVL28:
 297 00d8 0120     		movs	r0, #1
 298 00da 03E0     		b	.L31
 299              	.L16:
  72:main.c        ****                     case '6': case '#': LED_RED_Write(1); LED_GREEN_Write(0); LED_BLUE_Write(0); br
 300              		.loc 1 72 0
 301 00dc 0120     		movs	r0, #1
 302 00de FFF7FEFF 		bl	LED_RED_Write
 303              	.LVL29:
 304 00e2 0020     		movs	r0, #0
 305              	.L31:
 306 00e4 FFF7FEFF 		bl	LED_GREEN_Write
 307              	.LVL30:
 308 00e8 0020     		movs	r0, #0
 309 00ea 0BE0     		b	.L28
 310              	.L15:
  73:main.c        ****                 }
  74:main.c        ****             }
  75:main.c        ****             else
  76:main.c        ****             {
  77:main.c        ****                 SW_Tx_UART_PutString("Button released");
 311              		.loc 1 77 0
 312 00ec 0C48     		ldr	r0, .L33+12
 313 00ee FFF7FEFF 		bl	SW_Tx_UART_PutString
 314              	.LVL31:
  78:main.c        ****                 SW_Tx_UART_PutCRLF();
ARM GAS  C:\Users\STUDENT\AppData\Local\Temp\ccAKPE3i.s 			page 8


 315              		.loc 1 78 0
 316 00f2 FFF7FEFF 		bl	SW_Tx_UART_PutCRLF
 317              	.LVL32:
  79:main.c        ****                 LED_RED_Write(1);
 318              		.loc 1 79 0
 319 00f6 0120     		movs	r0, #1
 320              	.L27:
 321 00f8 FFF7FEFF 		bl	LED_RED_Write
 322              	.LVL33:
  80:main.c        ****                 LED_GREEN_Write(1);
 323              		.loc 1 80 0
 324 00fc 0120     		movs	r0, #1
 325              	.L29:
 326 00fe FFF7FEFF 		bl	LED_GREEN_Write
 327              	.LVL34:
  81:main.c        ****                 LED_BLUE_Write(1);
 328              		.loc 1 81 0
 329 0102 0120     		movs	r0, #1
 330              	.L28:
 331 0104 FFF7FEFF 		bl	LED_BLUE_Write
 332              	.LVL35:
 333              	.L14:
  82:main.c        ****             }
  83:main.c        ****             last_key = current_key;
  84:main.c        ****         }
  85:main.c        ****         CyDelay(50);
 334              		.loc 1 85 0
 335 0108 3220     		movs	r0, #50
 336 010a FFF7FEFF 		bl	CyDelay
 337              	.LVL36:
 338              	.LBE5:
  86:main.c        ****     }
 339              		.loc 1 86 0
 340 010e 0295     		str	r5, [sp, #8]
 341 0110 86E7     		b	.L23
 342              	.L34:
 343 0112 C046     		.align	2
 344              	.L33:
 345 0114 00000000 		.word	.LANCHOR0
 346 0118 00000000 		.word	keys
 347 011c 00000000 		.word	.LC8
 348 0120 11000000 		.word	.LC10
 349              		.cfi_endproc
 350              	.LFE33:
 351              		.size	main, .-main
 352              		.global	key_map
 353              		.comm	keys,12,1
 354              		.global	read_row
 355              		.global	set_col_dm
 356              		.global	write_col
 357              		.section	.rodata.str1.1,"aMS",%progbits,1
 358              	.LC8:
 359 0000 42757474 		.ascii	"Button pressed: \000"
 359      6F6E2070 
 359      72657373 
 359      65643A20 
 359      00
ARM GAS  C:\Users\STUDENT\AppData\Local\Temp\ccAKPE3i.s 			page 9


 360              	.LC10:
 361 0011 42757474 		.ascii	"Button released\000"
 361      6F6E2072 
 361      656C6561 
 361      73656400 
 362              		.data
 363              		.align	2
 364              		.set	.LANCHOR0,. + 0
 365              		.type	set_col_dm, %object
 366              		.size	set_col_dm, 12
 367              	set_col_dm:
 368 0000 00000000 		.word	COLUMN_0_SetDriveMode
 369 0004 00000000 		.word	COLUMN_1_SetDriveMode
 370 0008 00000000 		.word	COLUMN_2_SetDriveMode
 371              		.type	write_col, %object
 372              		.size	write_col, 12
 373              	write_col:
 374 000c 00000000 		.word	COLUMN_0_Write
 375 0010 00000000 		.word	COLUMN_1_Write
 376 0014 00000000 		.word	COLUMN_2_Write
 377              		.type	read_row, %object
 378              		.size	read_row, 16
 379              	read_row:
 380 0018 00000000 		.word	ROW_0_Read
 381 001c 00000000 		.word	ROW_1_Read
 382 0020 00000000 		.word	ROW_2_Read
 383 0024 00000000 		.word	ROW_3_Read
 384              		.type	key_map, %object
 385              		.size	key_map, 12
 386              	key_map:
 387 0028 31       		.byte	49
 388 0029 32       		.byte	50
 389 002a 33       		.byte	51
 390 002b 34       		.byte	52
 391 002c 35       		.byte	53
 392 002d 36       		.byte	54
 393 002e 37       		.byte	55
 394 002f 38       		.byte	56
 395 0030 39       		.byte	57
 396 0031 2A       		.byte	42
 397 0032 30       		.byte	48
 398 0033 23       		.byte	35
 399              		.text
 400              	.Letext0:
 401              		.file 2 "c:\\program files (x86)\\cypress\\psoc creator\\4.4\\psoc creator\\import\\gnu\\arm\\5.4.
 402              		.file 3 "c:\\program files (x86)\\cypress\\psoc creator\\4.4\\psoc creator\\import\\gnu\\arm\\5.4.
 403              		.file 4 "Generated_Source\\PSoC4/cytypes.h"
 404              		.file 5 "Generated_Source\\PSoC4/SW_Tx_UART.h"
 405              		.file 6 "Generated_Source\\PSoC4/LED_RED.h"
 406              		.file 7 "Generated_Source\\PSoC4/LED_GREEN.h"
 407              		.file 8 "Generated_Source\\PSoC4/LED_BLUE.h"
 408              		.file 9 "Generated_Source\\PSoC4/CyLib.h"
 409              		.section	.debug_info,"",%progbits
 410              	.Ldebug_info0:
 411 0000 BC030000 		.4byte	0x3bc
 412 0004 0400     		.2byte	0x4
 413 0006 00000000 		.4byte	.Ldebug_abbrev0
ARM GAS  C:\Users\STUDENT\AppData\Local\Temp\ccAKPE3i.s 			page 10


 414 000a 04       		.byte	0x4
 415 000b 01       		.uleb128 0x1
 416 000c B8010000 		.4byte	.LASF32
 417 0010 0C       		.byte	0xc
 418 0011 1C010000 		.4byte	.LASF33
 419 0015 3C010000 		.4byte	.LASF34
 420 0019 18000000 		.4byte	.Ldebug_ranges0+0x18
 421 001d 00000000 		.4byte	0
 422 0021 00000000 		.4byte	.Ldebug_line0
 423 0025 02       		.uleb128 0x2
 424 0026 01       		.byte	0x1
 425 0027 06       		.byte	0x6
 426 0028 A7010000 		.4byte	.LASF0
 427 002c 03       		.uleb128 0x3
 428 002d 00000000 		.4byte	.LASF9
 429 0031 02       		.byte	0x2
 430 0032 1D       		.byte	0x1d
 431 0033 37000000 		.4byte	0x37
 432 0037 02       		.uleb128 0x2
 433 0038 01       		.byte	0x1
 434 0039 08       		.byte	0x8
 435 003a 62000000 		.4byte	.LASF1
 436 003e 02       		.uleb128 0x2
 437 003f 02       		.byte	0x2
 438 0040 05       		.byte	0x5
 439 0041 32010000 		.4byte	.LASF2
 440 0045 02       		.uleb128 0x2
 441 0046 02       		.byte	0x2
 442 0047 07       		.byte	0x7
 443 0048 29000000 		.4byte	.LASF3
 444 004c 02       		.uleb128 0x2
 445 004d 04       		.byte	0x4
 446 004e 05       		.byte	0x5
 447 004f 7F010000 		.4byte	.LASF4
 448 0053 02       		.uleb128 0x2
 449 0054 04       		.byte	0x4
 450 0055 07       		.byte	0x7
 451 0056 70000000 		.4byte	.LASF5
 452 005a 02       		.uleb128 0x2
 453 005b 08       		.byte	0x8
 454 005c 05       		.byte	0x5
 455 005d 0E010000 		.4byte	.LASF6
 456 0061 02       		.uleb128 0x2
 457 0062 08       		.byte	0x8
 458 0063 07       		.byte	0x7
 459 0064 E2000000 		.4byte	.LASF7
 460 0068 04       		.uleb128 0x4
 461 0069 04       		.byte	0x4
 462 006a 05       		.byte	0x5
 463 006b 696E7400 		.ascii	"int\000"
 464 006f 02       		.uleb128 0x2
 465 0070 04       		.byte	0x4
 466 0071 07       		.byte	0x7
 467 0072 D5000000 		.4byte	.LASF8
 468 0076 03       		.uleb128 0x3
 469 0077 3C000000 		.4byte	.LASF10
 470 007b 03       		.byte	0x3
ARM GAS  C:\Users\STUDENT\AppData\Local\Temp\ccAKPE3i.s 			page 11


 471 007c 18       		.byte	0x18
 472 007d 2C000000 		.4byte	0x2c
 473 0081 05       		.uleb128 0x5
 474 0082 82000000 		.4byte	.LASF11
 475 0086 04       		.byte	0x4
 476 0087 FC01     		.2byte	0x1fc
 477 0089 37000000 		.4byte	0x37
 478 008d 02       		.uleb128 0x2
 479 008e 04       		.byte	0x4
 480 008f 04       		.byte	0x4
 481 0090 5C000000 		.4byte	.LASF12
 482 0094 02       		.uleb128 0x2
 483 0095 08       		.byte	0x8
 484 0096 04       		.byte	0x4
 485 0097 88000000 		.4byte	.LASF13
 486 009b 02       		.uleb128 0x2
 487 009c 01       		.byte	0x1
 488 009d 08       		.byte	0x8
 489 009e 23010000 		.4byte	.LASF14
 490 00a2 02       		.uleb128 0x2
 491 00a3 04       		.byte	0x4
 492 00a4 07       		.byte	0x7
 493 00a5 05010000 		.4byte	.LASF15
 494 00a9 02       		.uleb128 0x2
 495 00aa 08       		.byte	0x8
 496 00ab 04       		.byte	0x4
 497 00ac 88010000 		.4byte	.LASF16
 498 00b0 06       		.uleb128 0x6
 499 00b1 94000000 		.4byte	.LASF35
 500 00b5 01       		.byte	0x1
 501 00b6 0F       		.byte	0xf
 502 00b7 00000000 		.4byte	.LFB32
 503 00bb 38000000 		.4byte	.LFE32-.LFB32
 504 00bf 01       		.uleb128 0x1
 505 00c0 9C       		.byte	0x9c
 506 00c1 27010000 		.4byte	0x127
 507 00c5 07       		.uleb128 0x7
 508 00c6 08000000 		.4byte	.LBB2
 509 00ca 20000000 		.4byte	.LBE2-.LBB2
 510 00ce 1D010000 		.4byte	0x11d
 511 00d2 08       		.uleb128 0x8
 512 00d3 7200     		.ascii	"r\000"
 513 00d5 01       		.byte	0x1
 514 00d6 11       		.byte	0x11
 515 00d7 68000000 		.4byte	0x68
 516 00db 00000000 		.4byte	.LLST0
 517 00df 07       		.uleb128 0x7
 518 00e0 08000000 		.4byte	.LBB3
 519 00e4 18000000 		.4byte	.LBE3-.LBB3
 520 00e8 13010000 		.4byte	0x113
 521 00ec 08       		.uleb128 0x8
 522 00ed 6300     		.ascii	"c\000"
 523 00ef 01       		.byte	0x1
 524 00f0 13       		.byte	0x13
 525 00f1 68000000 		.4byte	0x68
 526 00f5 14000000 		.4byte	.LLST1
 527 00f9 09       		.uleb128 0x9
ARM GAS  C:\Users\STUDENT\AppData\Local\Temp\ccAKPE3i.s 			page 12


 528 00fa 14000000 		.4byte	.LVL4
 529 00fe 67030000 		.4byte	0x367
 530 0102 0A       		.uleb128 0xa
 531 0103 1A000000 		.4byte	.LVL5
 532 0107 67030000 		.4byte	0x367
 533 010b 0B       		.uleb128 0xb
 534 010c 01       		.uleb128 0x1
 535 010d 50       		.byte	0x50
 536 010e 02       		.uleb128 0x2
 537 010f 08       		.byte	0x8
 538 0110 20       		.byte	0x20
 539 0111 00       		.byte	0
 540 0112 00       		.byte	0
 541 0113 09       		.uleb128 0x9
 542 0114 24000000 		.4byte	.LVL6
 543 0118 72030000 		.4byte	0x372
 544 011c 00       		.byte	0
 545 011d 09       		.uleb128 0x9
 546 011e 2C000000 		.4byte	.LVL7
 547 0122 72030000 		.4byte	0x372
 548 0126 00       		.byte	0
 549 0127 0C       		.uleb128 0xc
 550 0128 8F000000 		.4byte	.LASF36
 551 012c 01       		.byte	0x1
 552 012d 1D       		.byte	0x1d
 553 012e 68000000 		.4byte	0x68
 554 0132 00000000 		.4byte	.LFB33
 555 0136 24010000 		.4byte	.LFE33-.LFB33
 556 013a 01       		.uleb128 0x1
 557 013b 9C       		.byte	0x9c
 558 013c C0020000 		.4byte	0x2c0
 559 0140 0D       		.uleb128 0xd
 560 0141 59020000 		.4byte	.LASF17
 561 0145 01       		.byte	0x1
 562 0146 24       		.byte	0x24
 563 0147 76000000 		.4byte	0x76
 564 014b 4B000000 		.4byte	.LLST2
 565 014f 07       		.uleb128 0x7
 566 0150 0C000000 		.4byte	.LBB4
 567 0154 14000000 		.4byte	.LBE4-.LBB4
 568 0158 75010000 		.4byte	0x175
 569 015c 08       		.uleb128 0x8
 570 015d 6900     		.ascii	"i\000"
 571 015f 01       		.byte	0x1
 572 0160 22       		.byte	0x22
 573 0161 68000000 		.4byte	0x68
 574 0165 6A000000 		.4byte	.LLST3
 575 0169 0E       		.uleb128 0xe
 576 016a 16000000 		.4byte	.LVL11
 577 016e 0B       		.uleb128 0xb
 578 016f 01       		.uleb128 0x1
 579 0170 50       		.byte	0x50
 580 0171 01       		.uleb128 0x1
 581 0172 31       		.byte	0x31
 582 0173 00       		.byte	0
 583 0174 00       		.byte	0
 584 0175 07       		.uleb128 0x7
ARM GAS  C:\Users\STUDENT\AppData\Local\Temp\ccAKPE3i.s 			page 13


 585 0176 20000000 		.4byte	.LBB5
 586 017a EE000000 		.4byte	.LBE5-.LBB5
 587 017e B6020000 		.4byte	0x2b6
 588 0182 0D       		.uleb128 0xd
 589 0183 F9000000 		.4byte	.LASF18
 590 0187 01       		.byte	0x1
 591 0188 28       		.byte	0x28
 592 0189 76000000 		.4byte	0x76
 593 018d 7E000000 		.4byte	.LLST4
 594 0191 0F       		.uleb128 0xf
 595 0192 00000000 		.4byte	.Ldebug_ranges0+0
 596 0196 FF010000 		.4byte	0x1ff
 597 019a 08       		.uleb128 0x8
 598 019b 6300     		.ascii	"c\000"
 599 019d 01       		.byte	0x1
 600 019e 2A       		.byte	0x2a
 601 019f 68000000 		.4byte	0x68
 602 01a3 9D000000 		.4byte	.LLST5
 603 01a7 07       		.uleb128 0x7
 604 01a8 3A000000 		.4byte	.LBB7
 605 01ac 28000000 		.4byte	.LBE7-.LBB7
 606 01b0 C2010000 		.4byte	0x1c2
 607 01b4 08       		.uleb128 0x8
 608 01b5 7200     		.ascii	"r\000"
 609 01b7 01       		.byte	0x1
 610 01b8 2E       		.byte	0x2e
 611 01b9 68000000 		.4byte	0x68
 612 01bd D4000000 		.4byte	.LLST6
 613 01c1 00       		.byte	0
 614 01c2 10       		.uleb128 0x10
 615 01c3 30000000 		.4byte	.LVL14
 616 01c7 03       		.uleb128 0x3
 617 01c8 91       		.byte	0x91
 618 01c9 64       		.sleb128 -28
 619 01ca 06       		.byte	0x6
 620 01cb D5010000 		.4byte	0x1d5
 621 01cf 0B       		.uleb128 0xb
 622 01d0 01       		.uleb128 0x1
 623 01d1 50       		.byte	0x50
 624 01d2 01       		.uleb128 0x1
 625 01d3 36       		.byte	0x36
 626 01d4 00       		.byte	0
 627 01d5 11       		.uleb128 0x11
 628 01d6 3A000000 		.4byte	.LVL15
 629 01da E4010000 		.4byte	0x1e4
 630 01de 0B       		.uleb128 0xb
 631 01df 01       		.uleb128 0x1
 632 01e0 50       		.byte	0x50
 633 01e1 01       		.uleb128 0x1
 634 01e2 30       		.byte	0x30
 635 01e3 00       		.byte	0
 636 01e4 11       		.uleb128 0x11
 637 01e5 6C000000 		.4byte	.LVL20
 638 01e9 F3010000 		.4byte	0x1f3
 639 01ed 0B       		.uleb128 0xb
 640 01ee 01       		.uleb128 0x1
 641 01ef 50       		.byte	0x50
ARM GAS  C:\Users\STUDENT\AppData\Local\Temp\ccAKPE3i.s 			page 14


 642 01f0 01       		.uleb128 0x1
 643 01f1 31       		.byte	0x31
 644 01f2 00       		.byte	0
 645 01f3 0E       		.uleb128 0xe
 646 01f4 76000000 		.4byte	.LVL22
 647 01f8 0B       		.uleb128 0xb
 648 01f9 01       		.uleb128 0x1
 649 01fa 50       		.byte	0x50
 650 01fb 01       		.uleb128 0x1
 651 01fc 31       		.byte	0x31
 652 01fd 00       		.byte	0
 653 01fe 00       		.byte	0
 654 01ff 12       		.uleb128 0x12
 655 0200 8A000000 		.4byte	.LVL23
 656 0204 7D030000 		.4byte	0x37d
 657 0208 16020000 		.4byte	0x216
 658 020c 0B       		.uleb128 0xb
 659 020d 01       		.uleb128 0x1
 660 020e 50       		.byte	0x50
 661 020f 05       		.uleb128 0x5
 662 0210 03       		.byte	0x3
 663 0211 00000000 		.4byte	.LC8
 664 0215 00       		.byte	0
 665 0216 12       		.uleb128 0x12
 666 0217 90000000 		.4byte	.LVL24
 667 021b 67030000 		.4byte	0x367
 668 021f 2A020000 		.4byte	0x22a
 669 0223 0B       		.uleb128 0xb
 670 0224 01       		.uleb128 0x1
 671 0225 50       		.byte	0x50
 672 0226 02       		.uleb128 0x2
 673 0227 75       		.byte	0x75
 674 0228 00       		.sleb128 0
 675 0229 00       		.byte	0
 676 022a 09       		.uleb128 0x9
 677 022b 94000000 		.4byte	.LVL25
 678 022f 72030000 		.4byte	0x372
 679 0233 09       		.uleb128 0x9
 680 0234 98000000 		.4byte	.LVL26
 681 0238 B0000000 		.4byte	0xb0
 682 023c 09       		.uleb128 0x9
 683 023d CE000000 		.4byte	.LVL27
 684 0241 88030000 		.4byte	0x388
 685 0245 09       		.uleb128 0x9
 686 0246 D8000000 		.4byte	.LVL28
 687 024a 88030000 		.4byte	0x388
 688 024e 12       		.uleb128 0x12
 689 024f E2000000 		.4byte	.LVL29
 690 0253 88030000 		.4byte	0x388
 691 0257 61020000 		.4byte	0x261
 692 025b 0B       		.uleb128 0xb
 693 025c 01       		.uleb128 0x1
 694 025d 50       		.byte	0x50
 695 025e 01       		.uleb128 0x1
 696 025f 31       		.byte	0x31
 697 0260 00       		.byte	0
 698 0261 09       		.uleb128 0x9
ARM GAS  C:\Users\STUDENT\AppData\Local\Temp\ccAKPE3i.s 			page 15


 699 0262 E8000000 		.4byte	.LVL30
 700 0266 93030000 		.4byte	0x393
 701 026a 12       		.uleb128 0x12
 702 026b F2000000 		.4byte	.LVL31
 703 026f 7D030000 		.4byte	0x37d
 704 0273 81020000 		.4byte	0x281
 705 0277 0B       		.uleb128 0xb
 706 0278 01       		.uleb128 0x1
 707 0279 50       		.byte	0x50
 708 027a 05       		.uleb128 0x5
 709 027b 03       		.byte	0x3
 710 027c 11000000 		.4byte	.LC10
 711 0280 00       		.byte	0
 712 0281 09       		.uleb128 0x9
 713 0282 F6000000 		.4byte	.LVL32
 714 0286 72030000 		.4byte	0x372
 715 028a 09       		.uleb128 0x9
 716 028b FC000000 		.4byte	.LVL33
 717 028f 88030000 		.4byte	0x388
 718 0293 09       		.uleb128 0x9
 719 0294 02010000 		.4byte	.LVL34
 720 0298 93030000 		.4byte	0x393
 721 029c 09       		.uleb128 0x9
 722 029d 08010000 		.4byte	.LVL35
 723 02a1 9E030000 		.4byte	0x39e
 724 02a5 0A       		.uleb128 0xa
 725 02a6 0E010000 		.4byte	.LVL36
 726 02aa A9030000 		.4byte	0x3a9
 727 02ae 0B       		.uleb128 0xb
 728 02af 01       		.uleb128 0x1
 729 02b0 50       		.byte	0x50
 730 02b1 02       		.uleb128 0x2
 731 02b2 08       		.byte	0x8
 732 02b3 32       		.byte	0x32
 733 02b4 00       		.byte	0
 734 02b5 00       		.byte	0
 735 02b6 09       		.uleb128 0x9
 736 02b7 0A000000 		.4byte	.LVL9
 737 02bb B4030000 		.4byte	0x3b4
 738 02bf 00       		.byte	0
 739 02c0 13       		.uleb128 0x13
 740 02c1 D0020000 		.4byte	0x2d0
 741 02c5 D0020000 		.4byte	0x2d0
 742 02c9 14       		.uleb128 0x14
 743 02ca A2000000 		.4byte	0xa2
 744 02ce 02       		.byte	0x2
 745 02cf 00       		.byte	0
 746 02d0 15       		.uleb128 0x15
 747 02d1 04       		.byte	0x4
 748 02d2 D6020000 		.4byte	0x2d6
 749 02d6 16       		.uleb128 0x16
 750 02d7 E1020000 		.4byte	0x2e1
 751 02db 17       		.uleb128 0x17
 752 02dc 81000000 		.4byte	0x81
 753 02e0 00       		.byte	0
 754 02e1 18       		.uleb128 0x18
 755 02e2 28010000 		.4byte	.LASF19
ARM GAS  C:\Users\STUDENT\AppData\Local\Temp\ccAKPE3i.s 			page 16


 756 02e6 01       		.byte	0x1
 757 02e7 03       		.byte	0x3
 758 02e8 C0020000 		.4byte	0x2c0
 759 02ec 05       		.uleb128 0x5
 760 02ed 03       		.byte	0x3
 761 02ee 00000000 		.4byte	write_col
 762 02f2 18       		.uleb128 0x18
 763 02f3 62020000 		.4byte	.LASF20
 764 02f7 01       		.byte	0x1
 765 02f8 04       		.byte	0x4
 766 02f9 C0020000 		.4byte	0x2c0
 767 02fd 05       		.uleb128 0x5
 768 02fe 03       		.byte	0x3
 769 02ff 00000000 		.4byte	set_col_dm
 770 0303 13       		.uleb128 0x13
 771 0304 13030000 		.4byte	0x313
 772 0308 13030000 		.4byte	0x313
 773 030c 14       		.uleb128 0x14
 774 030d A2000000 		.4byte	0xa2
 775 0311 03       		.byte	0x3
 776 0312 00       		.byte	0
 777 0313 15       		.uleb128 0x15
 778 0314 04       		.byte	0x4
 779 0315 19030000 		.4byte	0x319
 780 0319 19       		.uleb128 0x19
 781 031a 81000000 		.4byte	0x81
 782 031e 18       		.uleb128 0x18
 783 031f 20000000 		.4byte	.LASF21
 784 0323 01       		.byte	0x1
 785 0324 05       		.byte	0x5
 786 0325 03030000 		.4byte	0x303
 787 0329 05       		.uleb128 0x5
 788 032a 03       		.byte	0x3
 789 032b 00000000 		.4byte	read_row
 790 032f 13       		.uleb128 0x13
 791 0330 76000000 		.4byte	0x76
 792 0334 45030000 		.4byte	0x345
 793 0338 14       		.uleb128 0x14
 794 0339 A2000000 		.4byte	0xa2
 795 033d 03       		.byte	0x3
 796 033e 14       		.uleb128 0x14
 797 033f A2000000 		.4byte	0xa2
 798 0343 02       		.byte	0x2
 799 0344 00       		.byte	0
 800 0345 18       		.uleb128 0x18
 801 0346 B3010000 		.4byte	.LASF22
 802 034a 01       		.byte	0x1
 803 034b 07       		.byte	0x7
 804 034c 2F030000 		.4byte	0x32f
 805 0350 05       		.uleb128 0x5
 806 0351 03       		.byte	0x3
 807 0352 00000000 		.4byte	keys
 808 0356 18       		.uleb128 0x18
 809 0357 18000000 		.4byte	.LASF23
 810 035b 01       		.byte	0x1
 811 035c 08       		.byte	0x8
 812 035d 2F030000 		.4byte	0x32f
ARM GAS  C:\Users\STUDENT\AppData\Local\Temp\ccAKPE3i.s 			page 17


 813 0361 05       		.uleb128 0x5
 814 0362 03       		.byte	0x3
 815 0363 00000000 		.4byte	key_map
 816 0367 1A       		.uleb128 0x1a
 817 0368 46020000 		.4byte	.LASF24
 818 036c 46020000 		.4byte	.LASF24
 819 0370 05       		.byte	0x5
 820 0371 25       		.byte	0x25
 821 0372 1A       		.uleb128 0x1a
 822 0373 94010000 		.4byte	.LASF25
 823 0377 94010000 		.4byte	.LASF25
 824 037b 05       		.byte	0x5
 825 037c 2A       		.byte	0x2a
 826 037d 1A       		.uleb128 0x1a
 827 037e C0000000 		.4byte	.LASF26
 828 0382 C0000000 		.4byte	.LASF26
 829 0386 05       		.byte	0x5
 830 0387 26       		.byte	0x26
 831 0388 1A       		.uleb128 0x1a
 832 0389 0A000000 		.4byte	.LASF27
 833 038d 0A000000 		.4byte	.LASF27
 834 0391 06       		.byte	0x6
 835 0392 33       		.byte	0x33
 836 0393 1A       		.uleb128 0x1a
 837 0394 44000000 		.4byte	.LASF28
 838 0398 44000000 		.4byte	.LASF28
 839 039c 07       		.byte	0x7
 840 039d 33       		.byte	0x33
 841 039e 1A       		.uleb128 0x1a
 842 039f B1000000 		.4byte	.LASF29
 843 03a3 B1000000 		.4byte	.LASF29
 844 03a7 08       		.byte	0x8
 845 03a8 33       		.byte	0x33
 846 03a9 1A       		.uleb128 0x1a
 847 03aa 54000000 		.4byte	.LASF30
 848 03ae 54000000 		.4byte	.LASF30
 849 03b2 09       		.byte	0x9
 850 03b3 EC       		.byte	0xec
 851 03b4 1A       		.uleb128 0x1a
 852 03b5 A0000000 		.4byte	.LASF31
 853 03b9 A0000000 		.4byte	.LASF31
 854 03bd 05       		.byte	0x5
 855 03be 1F       		.byte	0x1f
 856 03bf 00       		.byte	0
 857              		.section	.debug_abbrev,"",%progbits
 858              	.Ldebug_abbrev0:
 859 0000 01       		.uleb128 0x1
 860 0001 11       		.uleb128 0x11
 861 0002 01       		.byte	0x1
 862 0003 25       		.uleb128 0x25
 863 0004 0E       		.uleb128 0xe
 864 0005 13       		.uleb128 0x13
 865 0006 0B       		.uleb128 0xb
 866 0007 03       		.uleb128 0x3
 867 0008 0E       		.uleb128 0xe
 868 0009 1B       		.uleb128 0x1b
 869 000a 0E       		.uleb128 0xe
ARM GAS  C:\Users\STUDENT\AppData\Local\Temp\ccAKPE3i.s 			page 18


 870 000b 55       		.uleb128 0x55
 871 000c 17       		.uleb128 0x17
 872 000d 11       		.uleb128 0x11
 873 000e 01       		.uleb128 0x1
 874 000f 10       		.uleb128 0x10
 875 0010 17       		.uleb128 0x17
 876 0011 00       		.byte	0
 877 0012 00       		.byte	0
 878 0013 02       		.uleb128 0x2
 879 0014 24       		.uleb128 0x24
 880 0015 00       		.byte	0
 881 0016 0B       		.uleb128 0xb
 882 0017 0B       		.uleb128 0xb
 883 0018 3E       		.uleb128 0x3e
 884 0019 0B       		.uleb128 0xb
 885 001a 03       		.uleb128 0x3
 886 001b 0E       		.uleb128 0xe
 887 001c 00       		.byte	0
 888 001d 00       		.byte	0
 889 001e 03       		.uleb128 0x3
 890 001f 16       		.uleb128 0x16
 891 0020 00       		.byte	0
 892 0021 03       		.uleb128 0x3
 893 0022 0E       		.uleb128 0xe
 894 0023 3A       		.uleb128 0x3a
 895 0024 0B       		.uleb128 0xb
 896 0025 3B       		.uleb128 0x3b
 897 0026 0B       		.uleb128 0xb
 898 0027 49       		.uleb128 0x49
 899 0028 13       		.uleb128 0x13
 900 0029 00       		.byte	0
 901 002a 00       		.byte	0
 902 002b 04       		.uleb128 0x4
 903 002c 24       		.uleb128 0x24
 904 002d 00       		.byte	0
 905 002e 0B       		.uleb128 0xb
 906 002f 0B       		.uleb128 0xb
 907 0030 3E       		.uleb128 0x3e
 908 0031 0B       		.uleb128 0xb
 909 0032 03       		.uleb128 0x3
 910 0033 08       		.uleb128 0x8
 911 0034 00       		.byte	0
 912 0035 00       		.byte	0
 913 0036 05       		.uleb128 0x5
 914 0037 16       		.uleb128 0x16
 915 0038 00       		.byte	0
 916 0039 03       		.uleb128 0x3
 917 003a 0E       		.uleb128 0xe
 918 003b 3A       		.uleb128 0x3a
 919 003c 0B       		.uleb128 0xb
 920 003d 3B       		.uleb128 0x3b
 921 003e 05       		.uleb128 0x5
 922 003f 49       		.uleb128 0x49
 923 0040 13       		.uleb128 0x13
 924 0041 00       		.byte	0
 925 0042 00       		.byte	0
 926 0043 06       		.uleb128 0x6
ARM GAS  C:\Users\STUDENT\AppData\Local\Temp\ccAKPE3i.s 			page 19


 927 0044 2E       		.uleb128 0x2e
 928 0045 01       		.byte	0x1
 929 0046 3F       		.uleb128 0x3f
 930 0047 19       		.uleb128 0x19
 931 0048 03       		.uleb128 0x3
 932 0049 0E       		.uleb128 0xe
 933 004a 3A       		.uleb128 0x3a
 934 004b 0B       		.uleb128 0xb
 935 004c 3B       		.uleb128 0x3b
 936 004d 0B       		.uleb128 0xb
 937 004e 11       		.uleb128 0x11
 938 004f 01       		.uleb128 0x1
 939 0050 12       		.uleb128 0x12
 940 0051 06       		.uleb128 0x6
 941 0052 40       		.uleb128 0x40
 942 0053 18       		.uleb128 0x18
 943 0054 9742     		.uleb128 0x2117
 944 0056 19       		.uleb128 0x19
 945 0057 01       		.uleb128 0x1
 946 0058 13       		.uleb128 0x13
 947 0059 00       		.byte	0
 948 005a 00       		.byte	0
 949 005b 07       		.uleb128 0x7
 950 005c 0B       		.uleb128 0xb
 951 005d 01       		.byte	0x1
 952 005e 11       		.uleb128 0x11
 953 005f 01       		.uleb128 0x1
 954 0060 12       		.uleb128 0x12
 955 0061 06       		.uleb128 0x6
 956 0062 01       		.uleb128 0x1
 957 0063 13       		.uleb128 0x13
 958 0064 00       		.byte	0
 959 0065 00       		.byte	0
 960 0066 08       		.uleb128 0x8
 961 0067 34       		.uleb128 0x34
 962 0068 00       		.byte	0
 963 0069 03       		.uleb128 0x3
 964 006a 08       		.uleb128 0x8
 965 006b 3A       		.uleb128 0x3a
 966 006c 0B       		.uleb128 0xb
 967 006d 3B       		.uleb128 0x3b
 968 006e 0B       		.uleb128 0xb
 969 006f 49       		.uleb128 0x49
 970 0070 13       		.uleb128 0x13
 971 0071 02       		.uleb128 0x2
 972 0072 17       		.uleb128 0x17
 973 0073 00       		.byte	0
 974 0074 00       		.byte	0
 975 0075 09       		.uleb128 0x9
 976 0076 898201   		.uleb128 0x4109
 977 0079 00       		.byte	0
 978 007a 11       		.uleb128 0x11
 979 007b 01       		.uleb128 0x1
 980 007c 31       		.uleb128 0x31
 981 007d 13       		.uleb128 0x13
 982 007e 00       		.byte	0
 983 007f 00       		.byte	0
ARM GAS  C:\Users\STUDENT\AppData\Local\Temp\ccAKPE3i.s 			page 20


 984 0080 0A       		.uleb128 0xa
 985 0081 898201   		.uleb128 0x4109
 986 0084 01       		.byte	0x1
 987 0085 11       		.uleb128 0x11
 988 0086 01       		.uleb128 0x1
 989 0087 31       		.uleb128 0x31
 990 0088 13       		.uleb128 0x13
 991 0089 00       		.byte	0
 992 008a 00       		.byte	0
 993 008b 0B       		.uleb128 0xb
 994 008c 8A8201   		.uleb128 0x410a
 995 008f 00       		.byte	0
 996 0090 02       		.uleb128 0x2
 997 0091 18       		.uleb128 0x18
 998 0092 9142     		.uleb128 0x2111
 999 0094 18       		.uleb128 0x18
 1000 0095 00       		.byte	0
 1001 0096 00       		.byte	0
 1002 0097 0C       		.uleb128 0xc
 1003 0098 2E       		.uleb128 0x2e
 1004 0099 01       		.byte	0x1
 1005 009a 3F       		.uleb128 0x3f
 1006 009b 19       		.uleb128 0x19
 1007 009c 03       		.uleb128 0x3
 1008 009d 0E       		.uleb128 0xe
 1009 009e 3A       		.uleb128 0x3a
 1010 009f 0B       		.uleb128 0xb
 1011 00a0 3B       		.uleb128 0x3b
 1012 00a1 0B       		.uleb128 0xb
 1013 00a2 27       		.uleb128 0x27
 1014 00a3 19       		.uleb128 0x19
 1015 00a4 49       		.uleb128 0x49
 1016 00a5 13       		.uleb128 0x13
 1017 00a6 8701     		.uleb128 0x87
 1018 00a8 19       		.uleb128 0x19
 1019 00a9 11       		.uleb128 0x11
 1020 00aa 01       		.uleb128 0x1
 1021 00ab 12       		.uleb128 0x12
 1022 00ac 06       		.uleb128 0x6
 1023 00ad 40       		.uleb128 0x40
 1024 00ae 18       		.uleb128 0x18
 1025 00af 9642     		.uleb128 0x2116
 1026 00b1 19       		.uleb128 0x19
 1027 00b2 01       		.uleb128 0x1
 1028 00b3 13       		.uleb128 0x13
 1029 00b4 00       		.byte	0
 1030 00b5 00       		.byte	0
 1031 00b6 0D       		.uleb128 0xd
 1032 00b7 34       		.uleb128 0x34
 1033 00b8 00       		.byte	0
 1034 00b9 03       		.uleb128 0x3
 1035 00ba 0E       		.uleb128 0xe
 1036 00bb 3A       		.uleb128 0x3a
 1037 00bc 0B       		.uleb128 0xb
 1038 00bd 3B       		.uleb128 0x3b
 1039 00be 0B       		.uleb128 0xb
 1040 00bf 49       		.uleb128 0x49
ARM GAS  C:\Users\STUDENT\AppData\Local\Temp\ccAKPE3i.s 			page 21


 1041 00c0 13       		.uleb128 0x13
 1042 00c1 02       		.uleb128 0x2
 1043 00c2 17       		.uleb128 0x17
 1044 00c3 00       		.byte	0
 1045 00c4 00       		.byte	0
 1046 00c5 0E       		.uleb128 0xe
 1047 00c6 898201   		.uleb128 0x4109
 1048 00c9 01       		.byte	0x1
 1049 00ca 11       		.uleb128 0x11
 1050 00cb 01       		.uleb128 0x1
 1051 00cc 00       		.byte	0
 1052 00cd 00       		.byte	0
 1053 00ce 0F       		.uleb128 0xf
 1054 00cf 0B       		.uleb128 0xb
 1055 00d0 01       		.byte	0x1
 1056 00d1 55       		.uleb128 0x55
 1057 00d2 17       		.uleb128 0x17
 1058 00d3 01       		.uleb128 0x1
 1059 00d4 13       		.uleb128 0x13
 1060 00d5 00       		.byte	0
 1061 00d6 00       		.byte	0
 1062 00d7 10       		.uleb128 0x10
 1063 00d8 898201   		.uleb128 0x4109
 1064 00db 01       		.byte	0x1
 1065 00dc 11       		.uleb128 0x11
 1066 00dd 01       		.uleb128 0x1
 1067 00de 9342     		.uleb128 0x2113
 1068 00e0 18       		.uleb128 0x18
 1069 00e1 01       		.uleb128 0x1
 1070 00e2 13       		.uleb128 0x13
 1071 00e3 00       		.byte	0
 1072 00e4 00       		.byte	0
 1073 00e5 11       		.uleb128 0x11
 1074 00e6 898201   		.uleb128 0x4109
 1075 00e9 01       		.byte	0x1
 1076 00ea 11       		.uleb128 0x11
 1077 00eb 01       		.uleb128 0x1
 1078 00ec 01       		.uleb128 0x1
 1079 00ed 13       		.uleb128 0x13
 1080 00ee 00       		.byte	0
 1081 00ef 00       		.byte	0
 1082 00f0 12       		.uleb128 0x12
 1083 00f1 898201   		.uleb128 0x4109
 1084 00f4 01       		.byte	0x1
 1085 00f5 11       		.uleb128 0x11
 1086 00f6 01       		.uleb128 0x1
 1087 00f7 31       		.uleb128 0x31
 1088 00f8 13       		.uleb128 0x13
 1089 00f9 01       		.uleb128 0x1
 1090 00fa 13       		.uleb128 0x13
 1091 00fb 00       		.byte	0
 1092 00fc 00       		.byte	0
 1093 00fd 13       		.uleb128 0x13
 1094 00fe 01       		.uleb128 0x1
 1095 00ff 01       		.byte	0x1
 1096 0100 49       		.uleb128 0x49
 1097 0101 13       		.uleb128 0x13
ARM GAS  C:\Users\STUDENT\AppData\Local\Temp\ccAKPE3i.s 			page 22


 1098 0102 01       		.uleb128 0x1
 1099 0103 13       		.uleb128 0x13
 1100 0104 00       		.byte	0
 1101 0105 00       		.byte	0
 1102 0106 14       		.uleb128 0x14
 1103 0107 21       		.uleb128 0x21
 1104 0108 00       		.byte	0
 1105 0109 49       		.uleb128 0x49
 1106 010a 13       		.uleb128 0x13
 1107 010b 2F       		.uleb128 0x2f
 1108 010c 0B       		.uleb128 0xb
 1109 010d 00       		.byte	0
 1110 010e 00       		.byte	0
 1111 010f 15       		.uleb128 0x15
 1112 0110 0F       		.uleb128 0xf
 1113 0111 00       		.byte	0
 1114 0112 0B       		.uleb128 0xb
 1115 0113 0B       		.uleb128 0xb
 1116 0114 49       		.uleb128 0x49
 1117 0115 13       		.uleb128 0x13
 1118 0116 00       		.byte	0
 1119 0117 00       		.byte	0
 1120 0118 16       		.uleb128 0x16
 1121 0119 15       		.uleb128 0x15
 1122 011a 01       		.byte	0x1
 1123 011b 27       		.uleb128 0x27
 1124 011c 19       		.uleb128 0x19
 1125 011d 01       		.uleb128 0x1
 1126 011e 13       		.uleb128 0x13
 1127 011f 00       		.byte	0
 1128 0120 00       		.byte	0
 1129 0121 17       		.uleb128 0x17
 1130 0122 05       		.uleb128 0x5
 1131 0123 00       		.byte	0
 1132 0124 49       		.uleb128 0x49
 1133 0125 13       		.uleb128 0x13
 1134 0126 00       		.byte	0
 1135 0127 00       		.byte	0
 1136 0128 18       		.uleb128 0x18
 1137 0129 34       		.uleb128 0x34
 1138 012a 00       		.byte	0
 1139 012b 03       		.uleb128 0x3
 1140 012c 0E       		.uleb128 0xe
 1141 012d 3A       		.uleb128 0x3a
 1142 012e 0B       		.uleb128 0xb
 1143 012f 3B       		.uleb128 0x3b
 1144 0130 0B       		.uleb128 0xb
 1145 0131 49       		.uleb128 0x49
 1146 0132 13       		.uleb128 0x13
 1147 0133 3F       		.uleb128 0x3f
 1148 0134 19       		.uleb128 0x19
 1149 0135 02       		.uleb128 0x2
 1150 0136 18       		.uleb128 0x18
 1151 0137 00       		.byte	0
 1152 0138 00       		.byte	0
 1153 0139 19       		.uleb128 0x19
 1154 013a 15       		.uleb128 0x15
ARM GAS  C:\Users\STUDENT\AppData\Local\Temp\ccAKPE3i.s 			page 23


 1155 013b 00       		.byte	0
 1156 013c 27       		.uleb128 0x27
 1157 013d 19       		.uleb128 0x19
 1158 013e 49       		.uleb128 0x49
 1159 013f 13       		.uleb128 0x13
 1160 0140 00       		.byte	0
 1161 0141 00       		.byte	0
 1162 0142 1A       		.uleb128 0x1a
 1163 0143 2E       		.uleb128 0x2e
 1164 0144 00       		.byte	0
 1165 0145 3F       		.uleb128 0x3f
 1166 0146 19       		.uleb128 0x19
 1167 0147 3C       		.uleb128 0x3c
 1168 0148 19       		.uleb128 0x19
 1169 0149 6E       		.uleb128 0x6e
 1170 014a 0E       		.uleb128 0xe
 1171 014b 03       		.uleb128 0x3
 1172 014c 0E       		.uleb128 0xe
 1173 014d 3A       		.uleb128 0x3a
 1174 014e 0B       		.uleb128 0xb
 1175 014f 3B       		.uleb128 0x3b
 1176 0150 0B       		.uleb128 0xb
 1177 0151 00       		.byte	0
 1178 0152 00       		.byte	0
 1179 0153 00       		.byte	0
 1180              		.section	.debug_loc,"",%progbits
 1181              	.Ldebug_loc0:
 1182              	.LLST0:
 1183 0000 00000000 		.4byte	.LVL0
 1184 0004 06000000 		.4byte	.LVL1
 1185 0008 0200     		.2byte	0x2
 1186 000a 30       		.byte	0x30
 1187 000b 9F       		.byte	0x9f
 1188 000c 00000000 		.4byte	0
 1189 0010 00000000 		.4byte	0
 1190              	.LLST1:
 1191 0014 06000000 		.4byte	.LVL1
 1192 0018 08000000 		.4byte	.LVL2
 1193 001c 0200     		.2byte	0x2
 1194 001e 30       		.byte	0x30
 1195 001f 9F       		.byte	0x9f
 1196 0020 08000000 		.4byte	.LVL2
 1197 0024 0C000000 		.4byte	.LVL3
 1198 0028 0100     		.2byte	0x1
 1199 002a 54       		.byte	0x54
 1200 002b 0C000000 		.4byte	.LVL3
 1201 002f 1A000000 		.4byte	.LVL5
 1202 0033 0300     		.2byte	0x3
 1203 0035 74       		.byte	0x74
 1204 0036 7F       		.sleb128 -1
 1205 0037 9F       		.byte	0x9f
 1206 0038 1A000000 		.4byte	.LVL5
 1207 003c 2C000000 		.4byte	.LVL8
 1208 0040 0100     		.2byte	0x1
 1209 0042 54       		.byte	0x54
 1210 0043 00000000 		.4byte	0
 1211 0047 00000000 		.4byte	0
ARM GAS  C:\Users\STUDENT\AppData\Local\Temp\ccAKPE3i.s 			page 24


 1212              	.LLST2:
 1213 004b 20000000 		.4byte	.LVL12
 1214 004f 08010000 		.4byte	.LVL35
 1215 0053 0200     		.2byte	0x2
 1216 0055 91       		.byte	0x91
 1217 0056 60       		.sleb128 -32
 1218 0057 08010000 		.4byte	.LVL35
 1219 005b 24010000 		.4byte	.LFE33
 1220 005f 0100     		.2byte	0x1
 1221 0061 55       		.byte	0x55
 1222 0062 00000000 		.4byte	0
 1223 0066 00000000 		.4byte	0
 1224              	.LLST3:
 1225 006a 0A000000 		.4byte	.LVL9
 1226 006e 0C000000 		.4byte	.LVL10
 1227 0072 0200     		.2byte	0x2
 1228 0074 30       		.byte	0x30
 1229 0075 9F       		.byte	0x9f
 1230 0076 00000000 		.4byte	0
 1231 007a 00000000 		.4byte	0
 1232              	.LLST4:
 1233 007e 20000000 		.4byte	.LVL12
 1234 0082 24000000 		.4byte	.LVL13
 1235 0086 0200     		.2byte	0x2
 1236 0088 30       		.byte	0x30
 1237 0089 9F       		.byte	0x9f
 1238 008a 24000000 		.4byte	.LVL13
 1239 008e 24010000 		.4byte	.LFE33
 1240 0092 0100     		.2byte	0x1
 1241 0094 55       		.byte	0x55
 1242 0095 00000000 		.4byte	0
 1243 0099 00000000 		.4byte	0
 1244              	.LLST5:
 1245 009d 20000000 		.4byte	.LVL12
 1246 00a1 24000000 		.4byte	.LVL13
 1247 00a5 0200     		.2byte	0x2
 1248 00a7 30       		.byte	0x30
 1249 00a8 9F       		.byte	0x9f
 1250 00a9 24000000 		.4byte	.LVL13
 1251 00ad 74000000 		.4byte	.LVL21
 1252 00b1 0100     		.2byte	0x1
 1253 00b3 54       		.byte	0x54
 1254 00b4 74000000 		.4byte	.LVL21
 1255 00b8 76000000 		.4byte	.LVL22
 1256 00bc 0300     		.2byte	0x3
 1257 00be 74       		.byte	0x74
 1258 00bf 7F       		.sleb128 -1
 1259 00c0 9F       		.byte	0x9f
 1260 00c1 76000000 		.4byte	.LVL22
 1261 00c5 24010000 		.4byte	.LFE33
 1262 00c9 0100     		.2byte	0x1
 1263 00cb 54       		.byte	0x54
 1264 00cc 00000000 		.4byte	0
 1265 00d0 00000000 		.4byte	0
 1266              	.LLST6:
 1267 00d4 3A000000 		.4byte	.LVL15
 1268 00d8 3C000000 		.4byte	.LVL16
ARM GAS  C:\Users\STUDENT\AppData\Local\Temp\ccAKPE3i.s 			page 25


 1269 00dc 0200     		.2byte	0x2
 1270 00de 30       		.byte	0x30
 1271 00df 9F       		.byte	0x9f
 1272 00e0 3C000000 		.4byte	.LVL16
 1273 00e4 24010000 		.4byte	.LFE33
 1274 00e8 0100     		.2byte	0x1
 1275 00ea 56       		.byte	0x56
 1276 00eb 00000000 		.4byte	0
 1277 00ef 00000000 		.4byte	0
 1278              		.section	.debug_aranges,"",%progbits
 1279 0000 24000000 		.4byte	0x24
 1280 0004 0200     		.2byte	0x2
 1281 0006 00000000 		.4byte	.Ldebug_info0
 1282 000a 04       		.byte	0x4
 1283 000b 00       		.byte	0
 1284 000c 0000     		.2byte	0
 1285 000e 0000     		.2byte	0
 1286 0010 00000000 		.4byte	.LFB32
 1287 0014 38000000 		.4byte	.LFE32-.LFB32
 1288 0018 00000000 		.4byte	.LFB33
 1289 001c 24010000 		.4byte	.LFE33-.LFB33
 1290 0020 00000000 		.4byte	0
 1291 0024 00000000 		.4byte	0
 1292              		.section	.debug_ranges,"",%progbits
 1293              	.Ldebug_ranges0:
 1294 0000 20000000 		.4byte	.LBB6
 1295 0004 22000000 		.4byte	.LBE6
 1296 0008 24000000 		.4byte	.LBB8
 1297 000c 7A000000 		.4byte	.LBE8
 1298 0010 00000000 		.4byte	0
 1299 0014 00000000 		.4byte	0
 1300 0018 00000000 		.4byte	.LFB32
 1301 001c 38000000 		.4byte	.LFE32
 1302 0020 00000000 		.4byte	.LFB33
 1303 0024 24010000 		.4byte	.LFE33
 1304 0028 00000000 		.4byte	0
 1305 002c 00000000 		.4byte	0
 1306              		.section	.debug_line,"",%progbits
 1307              	.Ldebug_line0:
 1308 0000 21020000 		.section	.debug_str,"MS",%progbits,1
 1308      02008301 
 1308      00000201 
 1308      FB0E0D00 
 1308      01010101 
 1309              	.LASF9:
 1310 0000 5F5F7569 		.ascii	"__uint8_t\000"
 1310      6E74385F 
 1310      7400
 1311              	.LASF27:
 1312 000a 4C45445F 		.ascii	"LED_RED_Write\000"
 1312      5245445F 
 1312      57726974 
 1312      6500
 1313              	.LASF23:
 1314 0018 6B65795F 		.ascii	"key_map\000"
 1314      6D617000 
 1315              	.LASF21:
ARM GAS  C:\Users\STUDENT\AppData\Local\Temp\ccAKPE3i.s 			page 26


 1316 0020 72656164 		.ascii	"read_row\000"
 1316      5F726F77 
 1316      00
 1317              	.LASF3:
 1318 0029 73686F72 		.ascii	"short unsigned int\000"
 1318      7420756E 
 1318      7369676E 
 1318      65642069 
 1318      6E7400
 1319              	.LASF10:
 1320 003c 75696E74 		.ascii	"uint8_t\000"
 1320      385F7400 
 1321              	.LASF28:
 1322 0044 4C45445F 		.ascii	"LED_GREEN_Write\000"
 1322      47524545 
 1322      4E5F5772 
 1322      69746500 
 1323              	.LASF30:
 1324 0054 43794465 		.ascii	"CyDelay\000"
 1324      6C617900 
 1325              	.LASF12:
 1326 005c 666C6F61 		.ascii	"float\000"
 1326      7400
 1327              	.LASF1:
 1328 0062 756E7369 		.ascii	"unsigned char\000"
 1328      676E6564 
 1328      20636861 
 1328      7200
 1329              	.LASF5:
 1330 0070 6C6F6E67 		.ascii	"long unsigned int\000"
 1330      20756E73 
 1330      69676E65 
 1330      6420696E 
 1330      7400
 1331              	.LASF11:
 1332 0082 75696E74 		.ascii	"uint8\000"
 1332      3800
 1333              	.LASF13:
 1334 0088 646F7562 		.ascii	"double\000"
 1334      6C6500
 1335              	.LASF36:
 1336 008f 6D61696E 		.ascii	"main\000"
 1336      00
 1337              	.LASF35:
 1338 0094 7072696E 		.ascii	"printMatrix\000"
 1338      744D6174 
 1338      72697800 
 1339              	.LASF31:
 1340 00a0 53575F54 		.ascii	"SW_Tx_UART_Start\000"
 1340      785F5541 
 1340      52545F53 
 1340      74617274 
 1340      00
 1341              	.LASF29:
 1342 00b1 4C45445F 		.ascii	"LED_BLUE_Write\000"
 1342      424C5545 
 1342      5F577269 
ARM GAS  C:\Users\STUDENT\AppData\Local\Temp\ccAKPE3i.s 			page 27


 1342      746500
 1343              	.LASF26:
 1344 00c0 53575F54 		.ascii	"SW_Tx_UART_PutString\000"
 1344      785F5541 
 1344      52545F50 
 1344      75745374 
 1344      72696E67 
 1345              	.LASF8:
 1346 00d5 756E7369 		.ascii	"unsigned int\000"
 1346      676E6564 
 1346      20696E74 
 1346      00
 1347              	.LASF7:
 1348 00e2 6C6F6E67 		.ascii	"long long unsigned int\000"
 1348      206C6F6E 
 1348      6720756E 
 1348      7369676E 
 1348      65642069 
 1349              	.LASF18:
 1350 00f9 63757272 		.ascii	"current_key\000"
 1350      656E745F 
 1350      6B657900 
 1351              	.LASF15:
 1352 0105 73697A65 		.ascii	"sizetype\000"
 1352      74797065 
 1352      00
 1353              	.LASF6:
 1354 010e 6C6F6E67 		.ascii	"long long int\000"
 1354      206C6F6E 
 1354      6720696E 
 1354      7400
 1355              	.LASF33:
 1356 011c 6D61696E 		.ascii	"main.c\000"
 1356      2E6300
 1357              	.LASF14:
 1358 0123 63686172 		.ascii	"char\000"
 1358      00
 1359              	.LASF19:
 1360 0128 77726974 		.ascii	"write_col\000"
 1360      655F636F 
 1360      6C00
 1361              	.LASF2:
 1362 0132 73686F72 		.ascii	"short int\000"
 1362      7420696E 
 1362      7400
 1363              	.LASF34:
 1364 013c 433A5C55 		.ascii	"C:\\Users\\STUDENT\\Documents\\PSoC Creator\\Lab1\\"
 1364      73657273 
 1364      5C535455 
 1364      44454E54 
 1364      5C446F63 
 1365 0169 4C616233 		.ascii	"Lab3_Var6_Task1.cydsn\000"
 1365      5F566172 
 1365      365F5461 
 1365      736B312E 
 1365      63796473 
 1366              	.LASF4:
ARM GAS  C:\Users\STUDENT\AppData\Local\Temp\ccAKPE3i.s 			page 28


 1367 017f 6C6F6E67 		.ascii	"long int\000"
 1367      20696E74 
 1367      00
 1368              	.LASF16:
 1369 0188 6C6F6E67 		.ascii	"long double\000"
 1369      20646F75 
 1369      626C6500 
 1370              	.LASF25:
 1371 0194 53575F54 		.ascii	"SW_Tx_UART_PutCRLF\000"
 1371      785F5541 
 1371      52545F50 
 1371      75744352 
 1371      4C4600
 1372              	.LASF0:
 1373 01a7 7369676E 		.ascii	"signed char\000"
 1373      65642063 
 1373      68617200 
 1374              	.LASF22:
 1375 01b3 6B657973 		.ascii	"keys\000"
 1375      00
 1376              	.LASF32:
 1377 01b8 474E5520 		.ascii	"GNU C11 5.4.1 20160609 (release) [ARM/embedded-5-br"
 1377      43313120 
 1377      352E342E 
 1377      31203230 
 1377      31363036 
 1378 01eb 616E6368 		.ascii	"anch revision 237715] -mcpu=cortex-m0 -mthumb -g -O"
 1378      20726576 
 1378      6973696F 
 1378      6E203233 
 1378      37373135 
 1379 021e 73202D66 		.ascii	"s -ffunction-sections -ffat-lto-objects\000"
 1379      66756E63 
 1379      74696F6E 
 1379      2D736563 
 1379      74696F6E 
 1380              	.LASF24:
 1381 0246 53575F54 		.ascii	"SW_Tx_UART_PutChar\000"
 1381      785F5541 
 1381      52545F50 
 1381      75744368 
 1381      617200
 1382              	.LASF17:
 1383 0259 6C617374 		.ascii	"last_key\000"
 1383      5F6B6579 
 1383      00
 1384              	.LASF20:
 1385 0262 7365745F 		.ascii	"set_col_dm\000"
 1385      636F6C5F 
 1385      646D00
 1386              		.ident	"GCC: (GNU Tools for ARM Embedded Processors) 5.4.1 20160609 (release) [ARM/embedded-5-bran
