--------------- Rebuild Started: 03/23/2026 10:23:35 Project: Lab3_Var6_Task1, Configuration: ARM GCC 5.4-2016-q2-update Release ---------------
Deleting file ".\CortexM0\ARM_GCC_541\Release\main.o"
Deleting file ".\CortexM0\ARM_GCC_541\Release\cyfitter_cfg.o"
Deleting file ".\CortexM0\ARM_GCC_541\Release\cymetadata.o"
Deleting file ".\CortexM0\ARM_GCC_541\Release\Cm0Start.o"
Deleting file ".\CortexM0\ARM_GCC_541\Release\CyFlash.o"
Deleting file ".\CortexM0\ARM_GCC_541\Release\CyLib.o"
Deleting file ".\CortexM0\ARM_GCC_541\Release\cyPm.o"
Deleting file ".\CortexM0\ARM_GCC_541\Release\cyutils.o"
Deleting file ".\CortexM0\ARM_GCC_541\Release\CyBootAsmGnu.o"
Deleting file ".\CortexM0\ARM_GCC_541\Release\CyLFClk.o"
Deleting file ".\CortexM0\ARM_GCC_541\Release\cy_em_eeprom.o"
Deleting file ".\CortexM0\ARM_GCC_541\Release\Button.o"
Deleting file ".\CortexM0\ARM_GCC_541\Release\Button_PM.o"
Deleting file ".\CortexM0\ARM_GCC_541\Release\LED_GREEN.o"
Deleting file ".\CortexM0\ARM_GCC_541\Release\LED_GREEN_PM.o"
Deleting file ".\CortexM0\ARM_GCC_541\Release\LED_BLUE.o"
Deleting file ".\CortexM0\ARM_GCC_541\Release\LED_BLUE_PM.o"
Deleting file ".\CortexM0\ARM_GCC_541\Release\LED_RED.o"
Deleting file ".\CortexM0\ARM_GCC_541\Release\LED_RED_PM.o"
Deleting file ".\CortexM0\ARM_GCC_541\Release\SW_Tx_UART_AsmGnu.o"
Deleting file ".\CortexM0\ARM_GCC_541\Release\SW_Tx_UART.o"
Deleting file ".\CortexM0\ARM_GCC_541\Release\COLUMN_0.o"
Deleting file ".\CortexM0\ARM_GCC_541\Release\COLUMN_0_PM.o"
Deleting file ".\CortexM0\ARM_GCC_541\Release\COLUMN_1.o"
Deleting file ".\CortexM0\ARM_GCC_541\Release\COLUMN_1_PM.o"
Deleting file ".\CortexM0\ARM_GCC_541\Release\COLUMN_2.o"
Deleting file ".\CortexM0\ARM_GCC_541\Release\COLUMN_2_PM.o"
Deleting file ".\CortexM0\ARM_GCC_541\Release\ROW_0.o"
Deleting file ".\CortexM0\ARM_GCC_541\Release\ROW_0_PM.o"
Deleting file ".\CortexM0\ARM_GCC_541\Release\ROW_1.o"
Deleting file ".\CortexM0\ARM_GCC_541\Release\ROW_1_PM.o"
Deleting file ".\CortexM0\ARM_GCC_541\Release\ROW_2.o"
Deleting file ".\CortexM0\ARM_GCC_541\Release\ROW_2_PM.o"
Deleting file ".\CortexM0\ARM_GCC_541\Release\ROW_3.o"
Deleting file ".\CortexM0\ARM_GCC_541\Release\ROW_3_PM.o"
Deleting file ".\CortexM0\ARM_GCC_541\Release\Lab3_Var6_Task1.hex"
Deleting file ".\CortexM0\ARM_GCC_541\Release\Lab3_Var6_Task1.elf"
Deleting file ".\CortexM0\ARM_GCC_541\Release\Lab3_Var6_Task1.map"
Deleting file ".\Lab3_Var6_Task1.cycdx"
Deleting file ".\Lab3_Var6_Task1.rpt"
Deleting file ".\Lab3_Var6_Task1_timing.html"
Deleting file ".\CortexM0\ARM_GCC_541\Release\.deps\SOURCE_C__ARM_GCC_GENERIC.P"
Deleting file ".\CortexM0\ARM_GCC_541\Release\.deps\SOURCE_ASM__ARM_GCC_GENERIC.P"
cydsfit.exe -.appdatapath "C:\Users\STUDENT\AppData\Local\Cypress Semiconductor\PSoC Creator\4.4" -.fdsnotice -.fdswarpdepfile=warp_dependencies.txt -.fdselabdepfile=elab_dependencies.txt -.fdsbldfile=generated_files.txt -.fdsreffile=referenced_files.txt -p "C:\Users\STUDENT\Documents\PSoC Creator\Lab1\Lab3_Var6_Task1.cydsn\Lab3_Var6_Task1.cyprj" -d CY8C4245AXI-483 -s "C:\Users\STUDENT\Documents\PSoC Creator\Lab1\Lab3_Var6_Task1.cydsn\Generated_Source\PSoC4" -- -yv2 -q10 -ygs -o2 -v3 -.fftcfgtype=LE
Elaborating Design...
HDL Generation...
Synthesis...
Tech Mapping...
Analog Placement...
Analog Routing...
Analog Code Generation...
Digital Placement...
Digital Routing...
Bitstream Generation...
Bitstream Verification...
Static timing analysis...
API Generation...
Dependency Generation...
Cleanup...
Unable to add item 'LED_GREEN' to 'PSoC4'. 'A file of the given name already exists. Please enter a valid name.'
Unable to add item 'LED_GREEN' to 'PSoC4'. 'A file of the given name already exists. Please enter a valid name.'
Unable to add item 'LED_GREEN' to 'PSoC4'. 'A file of the given name already exists. Please enter a valid name.'
Unable to add item 'LED_GREEN' to 'PSoC4'. 'A file of the given name already exists. Please enter a valid name.'
Unable to add item 'LED_BLUE' to 'PSoC4'. 'A file of the given name already exists. Please enter a valid name.'
Unable to add item 'LED_BLUE' to 'PSoC4'. 'A file of the given name already exists. Please enter a valid name.'
Unable to add item 'LED_BLUE' to 'PSoC4'. 'A file of the given name already exists. Please enter a valid name.'
Unable to add item 'LED_BLUE' to 'PSoC4'. 'A file of the given name already exists. Please enter a valid name.'
Unable to add item 'LED_RED' to 'PSoC4'. 'A file of the given name already exists. Please enter a valid name.'
Unable to add item 'LED_RED' to 'PSoC4'. 'A file of the given name already exists. Please enter a valid name.'
Unable to add item 'LED_RED' to 'PSoC4'. 'A file of the given name already exists. Please enter a valid name.'
Unable to add item 'LED_RED' to 'PSoC4'. 'A file of the given name already exists. Please enter a valid name.'
arm-none-eabi-gcc.exe -mcpu=cortex-m0 -mthumb -I. -IGenerated_Source\PSoC4 -Wa,-alh=.\CortexM0\ARM_GCC_541\Release/main.lst -g -D NDEBUG -D CY_CORE_ID=0 -Wall -ffunction-sections -ffat-lto-objects -Os -c main.c -o .\CortexM0\ARM_GCC_541\Release\main.o
arm-none-eabi-gcc.exe -mcpu=cortex-m0 -mthumb -I. -IGenerated_Source\PSoC4 -Wa,-alh=.\CortexM0\ARM_GCC_541\Release/cyfitter_cfg.lst -g -D NDEBUG -D CY_CORE_ID=0 -Wall -ffunction-sections -ffat-lto-objects -Os -c Generated_Source\PSoC4\cyfitter_cfg.c -o .\CortexM0\ARM_GCC_541\Release\cyfitter_cfg.o
arm-none-eabi-gcc.exe -mcpu=cortex-m0 -mthumb -I. -IGenerated_Source\PSoC4 -Wa,-alh=.\CortexM0\ARM_GCC_541\Release/cymetadata.lst -g -D NDEBUG -D CY_CORE_ID=0 -Wall -ffunction-sections -ffat-lto-objects -Os -c Generated_Source\PSoC4\cymetadata.c -o .\CortexM0\ARM_GCC_541\Release\cymetadata.o
arm-none-eabi-gcc.exe -mcpu=cortex-m0 -mthumb -I. -IGenerated_Source\PSoC4 -Wa,-alh=.\CortexM0\ARM_GCC_541\Release/Cm0Start.lst -g -D NDEBUG -D CY_CORE_ID=0 -Wall -ffunction-sections -ffat-lto-objects -Os -c Generated_Source\PSoC4\Cm0Start.c -o .\CortexM0\ARM_GCC_541\Release\Cm0Start.o
arm-none-eabi-gcc.exe -mcpu=cortex-m0 -mthumb -I. -IGenerated_Source\PSoC4 -Wa,-alh=.\CortexM0\ARM_GCC_541\Release/CyFlash.lst -g -D NDEBUG -D CY_CORE_ID=0 -Wall -ffunction-sections -ffat-lto-objects -Os -c Generated_Source\PSoC4\CyFlash.c -o .\CortexM0\ARM_GCC_541\Release\CyFlash.o
arm-none-eabi-gcc.exe -mcpu=cortex-m0 -mthumb -I. -IGenerated_Source\PSoC4 -Wa,-alh=.\CortexM0\ARM_GCC_541\Release/CyLib.lst -g -D NDEBUG -D CY_CORE_ID=0 -Wall -ffunction-sections -ffat-lto-objects -Os -c Generated_Source\PSoC4\CyLib.c -o .\CortexM0\ARM_GCC_541\Release\CyLib.o
arm-none-eabi-gcc.exe -mcpu=cortex-m0 -mthumb -I. -IGenerated_Source\PSoC4 -Wa,-alh=.\CortexM0\ARM_GCC_541\Release/cyPm.lst -g -D NDEBUG -D CY_CORE_ID=0 -Wall -ffunction-sections -ffat-lto-objects -Os -c Generated_Source\PSoC4\cyPm.c -o .\CortexM0\ARM_GCC_541\Release\cyPm.o
arm-none-eabi-gcc.exe -mcpu=cortex-m0 -mthumb -I. -IGenerated_Source\PSoC4 -Wa,-alh=.\CortexM0\ARM_GCC_541\Release/cyutils.lst -g -D NDEBUG -D CY_CORE_ID=0 -Wall -ffunction-sections -ffat-lto-objects -Os -c Generated_Source\PSoC4\cyutils.c -o .\CortexM0\ARM_GCC_541\Release\cyutils.o
arm-none-eabi-gcc.exe -mcpu=cortex-m0 -mthumb -I. -IGenerated_Source\PSoC4 -Wa,-alh=.\CortexM0\ARM_GCC_541\Release/CyLFClk.lst -g -D NDEBUG -D CY_CORE_ID=0 -Wall -ffunction-sections -ffat-lto-objects -Os -c Generated_Source\PSoC4\CyLFClk.c -o .\CortexM0\ARM_GCC_541\Release\CyLFClk.o
arm-none-eabi-gcc.exe -mcpu=cortex-m0 -mthumb -I. -IGenerated_Source\PSoC4 -Wa,-alh=.\CortexM0\ARM_GCC_541\Release/cy_em_eeprom.lst -g -D NDEBUG -D CY_CORE_ID=0 -Wall -ffunction-sections -ffat-lto-objects -Os -c Generated_Source\PSoC4\cy_em_eeprom.c -o .\CortexM0\ARM_GCC_541\Release\cy_em_eeprom.o
arm-none-eabi-gcc.exe -mcpu=cortex-m0 -mthumb -I. -IGenerated_Source\PSoC4 -Wa,-alh=.\CortexM0\ARM_GCC_541\Release/Button.lst -g -D NDEBUG -D CY_CORE_ID=0 -Wall -ffunction-sections -ffat-lto-objects -Os -c Generated_Source\PSoC4\Button.c -o .\CortexM0\ARM_GCC_541\Release\Button.o
arm-none-eabi-gcc.exe -mcpu=cortex-m0 -mthumb -I. -IGenerated_Source\PSoC4 -Wa,-alh=.\CortexM0\ARM_GCC_541\Release/Button_PM.lst -g -D NDEBUG -D CY_CORE_ID=0 -Wall -ffunction-sections -ffat-lto-objects -Os -c Generated_Source\PSoC4\Button_PM.c -o .\CortexM0\ARM_GCC_541\Release\Button_PM.o
arm-none-eabi-gcc.exe -mcpu=cortex-m0 -mthumb -I. -IGenerated_Source\PSoC4 -Wa,-alh=.\CortexM0\ARM_GCC_541\Release/LED_GREEN.lst -g -D NDEBUG -D CY_CORE_ID=0 -Wall -ffunction-sections -ffat-lto-objects -Os -c Generated_Source\PSoC4\LED_GREEN.c -o .\CortexM0\ARM_GCC_541\Release\LED_GREEN.o
arm-none-eabi-gcc.exe -mcpu=cortex-m0 -mthumb -I. -IGenerated_Source\PSoC4 -Wa,-alh=.\CortexM0\ARM_GCC_541\Release/LED_GREEN_PM.lst -g -D NDEBUG -D CY_CORE_ID=0 -Wall -ffunction-sections -ffat-lto-objects -Os -c Generated_Source\PSoC4\LED_GREEN_PM.c -o .\CortexM0\ARM_GCC_541\Release\LED_GREEN_PM.o
arm-none-eabi-gcc.exe -mcpu=cortex-m0 -mthumb -I. -IGenerated_Source\PSoC4 -Wa,-alh=.\CortexM0\ARM_GCC_541\Release/LED_BLUE.lst -g -D NDEBUG -D CY_CORE_ID=0 -Wall -ffunction-sections -ffat-lto-objects -Os -c Generated_Source\PSoC4\LED_BLUE.c -o .\CortexM0\ARM_GCC_541\Release\LED_BLUE.o
arm-none-eabi-gcc.exe -mcpu=cortex-m0 -mthumb -I. -IGenerated_Source\PSoC4 -Wa,-alh=.\CortexM0\ARM_GCC_541\Release/LED_BLUE_PM.lst -g -D NDEBUG -D CY_CORE_ID=0 -Wall -ffunction-sections -ffat-lto-objects -Os -c Generated_Source\PSoC4\LED_BLUE_PM.c -o .\CortexM0\ARM_GCC_541\Release\LED_BLUE_PM.o
arm-none-eabi-gcc.exe -mcpu=cortex-m0 -mthumb -I. -IGenerated_Source\PSoC4 -Wa,-alh=.\CortexM0\ARM_GCC_541\Release/LED_RED.lst -g -D NDEBUG -D CY_CORE_ID=0 -Wall -ffunction-sections -ffat-lto-objects -Os -c Generated_Source\PSoC4\LED_RED.c -o .\CortexM0\ARM_GCC_541\Release\LED_RED.o
arm-none-eabi-gcc.exe -mcpu=cortex-m0 -mthumb -I. -IGenerated_Source\PSoC4 -Wa,-alh=.\CortexM0\ARM_GCC_541\Release/LED_RED_PM.lst -g -D NDEBUG -D CY_CORE_ID=0 -Wall -ffunction-sections -ffat-lto-objects -Os -c Generated_Source\PSoC4\LED_RED_PM.c -o .\CortexM0\ARM_GCC_541\Release\LED_RED_PM.o
arm-none-eabi-gcc.exe -mcpu=cortex-m0 -mthumb -I. -IGenerated_Source\PSoC4 -Wa,-alh=.\CortexM0\ARM_GCC_541\Release/SW_Tx_UART.lst -g -D NDEBUG -D CY_CORE_ID=0 -Wall -ffunction-sections -ffat-lto-objects -Os -c Generated_Source\PSoC4\SW_Tx_UART.c -o .\CortexM0\ARM_GCC_541\Release\SW_Tx_UART.o
arm-none-eabi-gcc.exe -mcpu=cortex-m0 -mthumb -I. -IGenerated_Source\PSoC4 -Wa,-alh=.\CortexM0\ARM_GCC_541\Release/COLUMN_0.lst -g -D NDEBUG -D CY_CORE_ID=0 -Wall -ffunction-sections -ffat-lto-objects -Os -c Generated_Source\PSoC4\COLUMN_0.c -o .\CortexM0\ARM_GCC_541\Release\COLUMN_0.o
arm-none-eabi-gcc.exe -mcpu=cortex-m0 -mthumb -I. -IGenerated_Source\PSoC4 -Wa,-alh=.\CortexM0\ARM_GCC_541\Release/COLUMN_0_PM.lst -g -D NDEBUG -D CY_CORE_ID=0 -Wall -ffunction-sections -ffat-lto-objects -Os -c Generated_Source\PSoC4\COLUMN_0_PM.c -o .\CortexM0\ARM_GCC_541\Release\COLUMN_0_PM.o
arm-none-eabi-gcc.exe -mcpu=cortex-m0 -mthumb -I. -IGenerated_Source\PSoC4 -Wa,-alh=.\CortexM0\ARM_GCC_541\Release/COLUMN_1.lst -g -D NDEBUG -D CY_CORE_ID=0 -Wall -ffunction-sections -ffat-lto-objects -Os -c Generated_Source\PSoC4\COLUMN_1.c -o .\CortexM0\ARM_GCC_541\Release\COLUMN_1.o
arm-none-eabi-gcc.exe -mcpu=cortex-m0 -mthumb -I. -IGenerated_Source\PSoC4 -Wa,-alh=.\CortexM0\ARM_GCC_541\Release/COLUMN_1_PM.lst -g -D NDEBUG -D CY_CORE_ID=0 -Wall -ffunction-sections -ffat-lto-objects -Os -c Generated_Source\PSoC4\COLUMN_1_PM.c -o .\CortexM0\ARM_GCC_541\Release\COLUMN_1_PM.o
arm-none-eabi-gcc.exe -mcpu=cortex-m0 -mthumb -I. -IGenerated_Source\PSoC4 -Wa,-alh=.\CortexM0\ARM_GCC_541\Release/COLUMN_2.lst -g -D NDEBUG -D CY_CORE_ID=0 -Wall -ffunction-sections -ffat-lto-objects -Os -c Generated_Source\PSoC4\COLUMN_2.c -o .\CortexM0\ARM_GCC_541\Release\COLUMN_2.o
arm-none-eabi-gcc.exe -mcpu=cortex-m0 -mthumb -I. -IGenerated_Source\PSoC4 -Wa,-alh=.\CortexM0\ARM_GCC_541\Release/COLUMN_2_PM.lst -g -D NDEBUG -D CY_CORE_ID=0 -Wall -ffunction-sections -ffat-lto-objects -Os -c Generated_Source\PSoC4\COLUMN_2_PM.c -o .\CortexM0\ARM_GCC_541\Release\COLUMN_2_PM.o
arm-none-eabi-gcc.exe -mcpu=cortex-m0 -mthumb -I. -IGenerated_Source\PSoC4 -Wa,-alh=.\CortexM0\ARM_GCC_541\Release/ROW_0.lst -g -D NDEBUG -D CY_CORE_ID=0 -Wall -ffunction-sections -ffat-lto-objects -Os -c Generated_Source\PSoC4\ROW_0.c -o .\CortexM0\ARM_GCC_541\Release\ROW_0.o
arm-none-eabi-gcc.exe -mcpu=cortex-m0 -mthumb -I. -IGenerated_Source\PSoC4 -Wa,-alh=.\CortexM0\ARM_GCC_541\Release/ROW_0_PM.lst -g -D NDEBUG -D CY_CORE_ID=0 -Wall -ffunction-sections -ffat-lto-objects -Os -c Generated_Source\PSoC4\ROW_0_PM.c -o .\CortexM0\ARM_GCC_541\Release\ROW_0_PM.o
arm-none-eabi-gcc.exe -mcpu=cortex-m0 -mthumb -I. -IGenerated_Source\PSoC4 -Wa,-alh=.\CortexM0\ARM_GCC_541\Release/ROW_1.lst -g -D NDEBUG -D CY_CORE_ID=0 -Wall -ffunction-sections -ffat-lto-objects -Os -c Generated_Source\PSoC4\ROW_1.c -o .\CortexM0\ARM_GCC_541\Release\ROW_1.o
arm-none-eabi-gcc.exe -mcpu=cortex-m0 -mthumb -I. -IGenerated_Source\PSoC4 -Wa,-alh=.\CortexM0\ARM_GCC_541\Release/ROW_1_PM.lst -g -D NDEBUG -D CY_CORE_ID=0 -Wall -ffunction-sections -ffat-lto-objects -Os -c Generated_Source\PSoC4\ROW_1_PM.c -o .\CortexM0\ARM_GCC_541\Release\ROW_1_PM.o
arm-none-eabi-gcc.exe -mcpu=cortex-m0 -mthumb -I. -IGenerated_Source\PSoC4 -Wa,-alh=.\CortexM0\ARM_GCC_541\Release/ROW_2.lst -g -D NDEBUG -D CY_CORE_ID=0 -Wall -ffunction-sections -ffat-lto-objects -Os -c Generated_Source\PSoC4\ROW_2.c -o .\CortexM0\ARM_GCC_541\Release\ROW_2.o
arm-none-eabi-gcc.exe -mcpu=cortex-m0 -mthumb -I. -IGenerated_Source\PSoC4 -Wa,-alh=.\CortexM0\ARM_GCC_541\Release/ROW_2_PM.lst -g -D NDEBUG -D CY_CORE_ID=0 -Wall -ffunction-sections -ffat-lto-objects -Os -c Generated_Source\PSoC4\ROW_2_PM.c -o .\CortexM0\ARM_GCC_541\Release\ROW_2_PM.o
arm-none-eabi-gcc.exe -mcpu=cortex-m0 -mthumb -I. -IGenerated_Source\PSoC4 -Wa,-alh=.\CortexM0\ARM_GCC_541\Release/ROW_3.lst -g -D NDEBUG -D CY_CORE_ID=0 -Wall -ffunction-sections -ffat-lto-objects -Os -c Generated_Source\PSoC4\ROW_3.c -o .\CortexM0\ARM_GCC_541\Release\ROW_3.o
arm-none-eabi-gcc.exe -mcpu=cortex-m0 -mthumb -I. -IGenerated_Source\PSoC4 -Wa,-alh=.\CortexM0\ARM_GCC_541\Release/ROW_3_PM.lst -g -D NDEBUG -D CY_CORE_ID=0 -Wall -ffunction-sections -ffat-lto-objects -Os -c Generated_Source\PSoC4\ROW_3_PM.c -o .\CortexM0\ARM_GCC_541\Release\ROW_3_PM.o
arm-none-eabi-as.exe -mcpu=cortex-m0 -mthumb -I. -IGenerated_Source\PSoC4 -alh=.\CortexM0\ARM_GCC_541\Release/CyBootAsmGnu.lst -g -W -o .\CortexM0\ARM_GCC_541\Release\CyBootAsmGnu.o Generated_Source\PSoC4\CyBootAsmGnu.s
arm-none-eabi-as.exe -mcpu=cortex-m0 -mthumb -I. -IGenerated_Source\PSoC4 -alh=.\CortexM0\ARM_GCC_541\Release/SW_Tx_UART_AsmGnu.lst -g -W -o .\CortexM0\ARM_GCC_541\Release\SW_Tx_UART_AsmGnu.o Generated_Source\PSoC4\SW_Tx_UART_AsmGnu.s
arm-none-eabi-ar.exe -rs .\CortexM0\ARM_GCC_541\Release\Lab3_Var6_Task1.a .\CortexM0\ARM_GCC_541\Release\CyFlash.o .\CortexM0\ARM_GCC_541\Release\CyLib.o .\CortexM0\ARM_GCC_541\Release\cyPm.o .\CortexM0\ARM_GCC_541\Release\cyutils.o .\CortexM0\ARM_GCC_541\Release\CyLFClk.o .\CortexM0\ARM_GCC_541\Release\cy_em_eeprom.o .\CortexM0\ARM_GCC_541\Release\Button.o .\CortexM0\ARM_GCC_541\Release\Button_PM.o .\CortexM0\ARM_GCC_541\Release\LED_GREEN.o .\CortexM0\ARM_GCC_541\Release\LED_GREEN_PM.o .\CortexM0\ARM_GCC_541\Release\LED_BLUE.o .\CortexM0\ARM_GCC_541\Release\LED_BLUE_PM.o .\CortexM0\ARM_GCC_541\Release\LED_RED.o .\CortexM0\ARM_GCC_541\Release\LED_RED_PM.o .\CortexM0\ARM_GCC_541\Release\SW_Tx_UART.o .\CortexM0\ARM_GCC_541\Release\COLUMN_0.o .\CortexM0\ARM_GCC_541\Release\COLUMN_0_PM.o .\CortexM0\ARM_GCC_541\Release\COLUMN_1.o .\CortexM0\ARM_GCC_541\Release\COLUMN_1_PM.o .\CortexM0\ARM_GCC_541\Release\COLUMN_2.o .\CortexM0\ARM_GCC_541\Release\COLUMN_2_PM.o .\CortexM0\ARM_GCC_541\Release\ROW_0.o .\CortexM0\ARM_GCC_541\Release\ROW_0_PM.o .\CortexM0\ARM_GCC_541\Release\ROW_1.o .\CortexM0\ARM_GCC_541\Release\ROW_1_PM.o .\CortexM0\ARM_GCC_541\Release\ROW_2.o .\CortexM0\ARM_GCC_541\Release\ROW_2_PM.o .\CortexM0\ARM_GCC_541\Release\ROW_3.o .\CortexM0\ARM_GCC_541\Release\ROW_3_PM.o .\CortexM0\ARM_GCC_541\Release\CyBootAsmGnu.o .\CortexM0\ARM_GCC_541\Release\SW_Tx_UART_AsmGnu.o
arm-none-eabi-ar.exe: creating .\CortexM0\ARM_GCC_541\Release\Lab3_Var6_Task1.a
arm-none-eabi-gcc.exe -Wl,--start-group -o "C:\Users\STUDENT\Documents\PSoC Creator\Lab1\Lab3_Var6_Task1.cydsn\CortexM0\ARM_GCC_541\Release\Lab3_Var6_Task1.elf" .\CortexM0\ARM_GCC_541\Release\main.o .\CortexM0\ARM_GCC_541\Release\cyfitter_cfg.o .\CortexM0\ARM_GCC_541\Release\cymetadata.o .\CortexM0\ARM_GCC_541\Release\Cm0Start.o .\CortexM0\ARM_GCC_541\Release\Lab3_Var6_Task1.a -mcpu=cortex-m0 -mthumb -L Generated_Source\PSoC4 -Wl,-Map,.\CortexM0\ARM_GCC_541\Release/Lab3_Var6_Task1.map -T Generated_Source\PSoC4\cm0gcc.ld -specs=nano.specs -Wl,--gc-sections -g -ffunction-sections -Os -ffat-lto-objects -Wl,--end-group
cyelftool.exe -C "C:\Users\STUDENT\Documents\PSoC Creator\Lab1\Lab3_Var6_Task1.cydsn\CortexM0\ARM_GCC_541\Release\Lab3_Var6_Task1.elf" --flash_row_size 128 --flash_size 32768 --flash_offset 0x00000000
No ELF section .cychecksum found, creating one
Application checksum calculated and stored in ELF section .cychecksum
Checksum calculated and stored in ELF section .cymeta
cyelftool.exe -S "C:\Users\STUDENT\Documents\PSoC Creator\Lab1\Lab3_Var6_Task1.cydsn\CortexM0\ARM_GCC_541\Release\Lab3_Var6_Task1.elf"
Flash used: 2936 of 32768 bytes (9,0%).
SRAM used: 1608 of 4096 bytes (39,3%). Stack: 1024 bytes. Heap: 128 bytes.
--------------- Rebuild Succeeded: 03/23/2026 10:23:57 ---------------
