ARM GAS  C:\Users\STUDENT\AppData\Local\Temp\ccmDZyjs.s 			page 1


   1              		.syntax unified
   2              		.cpu cortex-m0
   3              		.fpu softvfp
   4              		.eabi_attribute 20, 1
   5              		.eabi_attribute 21, 1
   6              		.eabi_attribute 23, 3
   7              		.eabi_attribute 24, 1
   8              		.eabi_attribute 25, 1
   9              		.eabi_attribute 26, 1
  10              		.eabi_attribute 30, 4
  11              		.eabi_attribute 34, 0
  12              		.eabi_attribute 18, 4
  13              		.thumb
  14              		.syntax unified
  15              		.file	"main.c"
  16              		.text
  17              	.Ltext0:
  18              		.cfi_sections	.debug_frame
  19              		.section	.text.startup.main,"ax",%progbits
  20              		.align	1
  21              		.global	main
  22              		.code	16
  23              		.thumb_func
  24              		.type	main, %function
  25              	main:
  26              	.LFB32:
  27              		.file 1 "main.c"
   1:main.c        **** #include "project.h"
   2:main.c        **** #include <string.h>
   3:main.c        **** 
   4:main.c        **** void (*write_col[3])(uint8) = {COLUMN_0_Write, COLUMN_1_Write, COLUMN_2_Write};
   5:main.c        **** void (*set_col_dm[3])(uint8) = {COLUMN_0_SetDriveMode, COLUMN_1_SetDriveMode, COLUMN_2_SetDriveMode
   6:main.c        **** uint8 (*read_row[4])(void) = {ROW_0_Read, ROW_1_Read, ROW_2_Read, ROW_3_Read};
   7:main.c        **** 
   8:main.c        **** uint8_t key_map[4][3] = {{'1','2','3'},{'4','5','6'},{'7','8','9'},{'*','0','#'}};
   9:main.c        **** char password[] = "123";
  10:main.c        **** char input[10];
  11:main.c        **** uint8_t input_idx = 0;
  12:main.c        **** 
  13:main.c        **** int main(void)
  14:main.c        **** {
  28              		.loc 1 14 0
  29              		.cfi_startproc
  30              		@ args = 0, pretend = 0, frame = 16
  31              		@ frame_needed = 0, uses_anonymous_args = 0
  32 0000 F0B5     		push	{r4, r5, r6, r7, lr}
  33              		.cfi_def_cfa_offset 20
  34              		.cfi_offset 4, -20
  35              		.cfi_offset 5, -16
  36              		.cfi_offset 6, -12
  37              		.cfi_offset 7, -8
  38              		.cfi_offset 14, -4
  39 0002 85B0     		sub	sp, sp, #20
  40              		.cfi_def_cfa_offset 40
  15:main.c        ****     CyGlobalIntEnable;
  41              		.loc 1 15 0
  42              		.syntax divided
ARM GAS  C:\Users\STUDENT\AppData\Local\Temp\ccmDZyjs.s 			page 2


  43              	@ 15 "main.c" 1
  44 0004 62B6     		CPSIE   i
  45              	@ 0 "" 2
  16:main.c        ****     SW_Tx_UART_Start();
  46              		.loc 1 16 0
  47              		.thumb
  48              		.syntax unified
  49 0006 FFF7FEFF 		bl	SW_Tx_UART_Start
  50              	.LVL0:
  51 000a 0025     		movs	r5, #0
  52              	.LVL1:
  53              	.L2:
  54              	.LBB2:
  17:main.c        ****     for(int i = 0; i < 3; i++) set_col_dm[i](COLUMN_0_DM_DIG_HIZ);
  55              		.loc 1 17 0 discriminator 3
  56 000c 3B4C     		ldr	r4, .L22
  57 000e 0120     		movs	r0, #1
  58 0010 2B59     		ldr	r3, [r5, r4]
  59 0012 0435     		adds	r5, r5, #4
  60 0014 9847     		blx	r3
  61              	.LVL2:
  62 0016 0C2D     		cmp	r5, #12
  63 0018 F8D1     		bne	.L2
  64 001a 0023     		movs	r3, #0
  65 001c 0193     		str	r3, [sp, #4]
  66              	.L12:
  67              	.LVL3:
  68              	.LBE2:
  69              	.LBB3:
  70              	.LBB4:
  18:main.c        **** 
  19:main.c        ****     uint8_t last_key = 0;
  20:main.c        **** 
  21:main.c        ****     for(;;)
  22:main.c        ****     {
  23:main.c        ****         uint8_t current_key = 0;
  24:main.c        ****         for(int c = 0; c < 3; c++) {
  71              		.loc 1 24 0
  72 001e 0026     		movs	r6, #0
  73              	.LBE4:
  23:main.c        ****         for(int c = 0; c < 3; c++) {
  74              		.loc 1 23 0
  75 0020 3500     		movs	r5, r6
  76              	.LVL4:
  77              	.L5:
  78 0022 B300     		lsls	r3, r6, #2
  79 0024 0293     		str	r3, [sp, #8]
  80              	.LBB6:
  25:main.c        ****             set_col_dm[c](COLUMN_0_DM_STRONG);
  81              		.loc 1 25 0
  82 0026 E358     		ldr	r3, [r4, r3]
  83 0028 0620     		movs	r0, #6
  84 002a 0393     		str	r3, [sp, #12]
  85 002c 9847     		blx	r3
  86              	.LVL5:
  26:main.c        ****             write_col[c](0);
  87              		.loc 1 26 0
ARM GAS  C:\Users\STUDENT\AppData\Local\Temp\ccmDZyjs.s 			page 3


  88 002e 2300     		movs	r3, r4
  89 0030 B200     		lsls	r2, r6, #2
  90 0032 0C33     		adds	r3, r3, #12
  91 0034 D358     		ldr	r3, [r2, r3]
  92 0036 0020     		movs	r0, #0
  93 0038 9847     		blx	r3
  94              	.LVL6:
  95              	.LBB5:
  27:main.c        ****             for(int r = 0; r < 4; r++) if(read_row[r]() == 0) current_key = key_map[r][c];
  96              		.loc 1 27 0
  97 003a 0027     		movs	r7, #0
  98              	.LVL7:
  99              	.L4:
 100              		.loc 1 27 0 is_stmt 0 discriminator 6
 101 003c 2300     		movs	r3, r4
 102 003e BA00     		lsls	r2, r7, #2
 103 0040 1833     		adds	r3, r3, #24
 104 0042 D358     		ldr	r3, [r2, r3]
 105 0044 9847     		blx	r3
 106              	.LVL8:
 107 0046 0028     		cmp	r0, #0
 108 0048 05D1     		bne	.L3
 109              		.loc 1 27 0 discriminator 2
 110 004a 0322     		movs	r2, #3
 111 004c 2300     		movs	r3, r4
 112 004e 7A43     		muls	r2, r7
 113 0050 2833     		adds	r3, r3, #40
 114 0052 9B19     		adds	r3, r3, r6
 115 0054 9D5C     		ldrb	r5, [r3, r2]
 116              	.LVL9:
 117              	.L3:
 118              		.loc 1 27 0 discriminator 4
 119 0056 0137     		adds	r7, r7, #1
 120              	.LVL10:
 121 0058 042F     		cmp	r7, #4
 122 005a EFD1     		bne	.L4
 123              	.LBE5:
  28:main.c        ****             write_col[c](1);
 124              		.loc 1 28 0 is_stmt 1 discriminator 2
 125 005c 2300     		movs	r3, r4
 126 005e 029A     		ldr	r2, [sp, #8]
 127 0060 0C33     		adds	r3, r3, #12
 128 0062 D358     		ldr	r3, [r2, r3]
 129 0064 0120     		movs	r0, #1
 130 0066 9847     		blx	r3
 131              	.LVL11:
  29:main.c        ****             set_col_dm[c](COLUMN_0_DM_DIG_HIZ);
 132              		.loc 1 29 0 discriminator 2
 133 0068 029B     		ldr	r3, [sp, #8]
 134 006a 0120     		movs	r0, #1
 135 006c E358     		ldr	r3, [r4, r3]
  24:main.c        ****             set_col_dm[c](COLUMN_0_DM_STRONG);
 136              		.loc 1 24 0 discriminator 2
 137 006e 0136     		adds	r6, r6, #1
 138              	.LVL12:
 139              		.loc 1 29 0 discriminator 2
 140 0070 9847     		blx	r3
ARM GAS  C:\Users\STUDENT\AppData\Local\Temp\ccmDZyjs.s 			page 4


 141              	.LVL13:
  24:main.c        ****             set_col_dm[c](COLUMN_0_DM_STRONG);
 142              		.loc 1 24 0 discriminator 2
 143 0072 032E     		cmp	r6, #3
 144 0074 D5D1     		bne	.L5
 145              	.LBE6:
  30:main.c        ****         }
  31:main.c        **** 
  32:main.c        ****         if(current_key != last_key && current_key != 0) {
 146              		.loc 1 32 0
 147 0076 019B     		ldr	r3, [sp, #4]
 148 0078 AB42     		cmp	r3, r5
 149 007a 39D0     		beq	.L6
 150              		.loc 1 32 0 is_stmt 0 discriminator 1
 151 007c 002D     		cmp	r5, #0
 152 007e 37D0     		beq	.L6
 153 0080 1F4E     		ldr	r6, .L22+4
 154              	.LVL14:
  33:main.c        ****             if(current_key == '#') {
 155              		.loc 1 33 0 is_stmt 1
 156 0082 232D     		cmp	r5, #35
 157 0084 2AD1     		bne	.L7
  34:main.c        ****                 input[input_idx] = '\0';
  35:main.c        ****                 if(strcmp(input, password) == 0) {
 158              		.loc 1 35 0
 159 0086 2100     		movs	r1, r4
  34:main.c        ****                 input[input_idx] = '\0';
 160              		.loc 1 34 0
 161 0088 0022     		movs	r2, #0
 162 008a 1E48     		ldr	r0, .L22+8
 163 008c 3378     		ldrb	r3, [r6]
 164              		.loc 1 35 0
 165 008e 3431     		adds	r1, r1, #52
  34:main.c        ****                 input[input_idx] = '\0';
 166              		.loc 1 34 0
 167 0090 C254     		strb	r2, [r0, r3]
 168              		.loc 1 35 0
 169 0092 FFF7FEFF 		bl	strcmp
 170              	.LVL15:
 171 0096 0028     		cmp	r0, #0
 172 0098 0FD1     		bne	.L8
  36:main.c        ****                     SW_Tx_UART_PutString("Access allowed\r\n");
 173              		.loc 1 36 0
 174 009a 1B48     		ldr	r0, .L22+12
 175 009c FFF7FEFF 		bl	SW_Tx_UART_PutString
 176              	.LVL16:
 177 00a0 1A4F     		ldr	r7, .L22+16
 178              	.LVL17:
 179              	.L9:
 180              	.LBB7:
  37:main.c        ****                     for(int i=0; i<999; i++) { LED_RED_Write(1); LED_BLUE_Write(1); }
 181              		.loc 1 37 0 discriminator 3
 182 00a2 0120     		movs	r0, #1
 183 00a4 FFF7FEFF 		bl	LED_RED_Write
 184              	.LVL18:
 185 00a8 013F     		subs	r7, r7, #1
 186              	.LVL19:
ARM GAS  C:\Users\STUDENT\AppData\Local\Temp\ccmDZyjs.s 			page 5


 187 00aa 0120     		movs	r0, #1
 188 00ac FFF7FEFF 		bl	LED_BLUE_Write
 189              	.LVL20:
 190 00b0 002F     		cmp	r7, #0
 191 00b2 F6D1     		bne	.L9
 192              	.L11:
 193              	.LBE7:
  38:main.c        ****                 } else {
  39:main.c        ****                     SW_Tx_UART_PutString("Access denied\r\n");
  40:main.c        ****                     for(int i=0; i<999; i++) { LED_GREEN_Write(1); LED_BLUE_Write(1); LED_RED_Write
  41:main.c        ****                 }
  42:main.c        ****                 input_idx = 0;
 194              		.loc 1 42 0
 195 00b4 0023     		movs	r3, #0
 196 00b6 3370     		strb	r3, [r6]
 197 00b8 1AE0     		b	.L6
 198              	.LVL21:
 199              	.L8:
  39:main.c        ****                     for(int i=0; i<999; i++) { LED_GREEN_Write(1); LED_BLUE_Write(1); LED_RED_Write
 200              		.loc 1 39 0
 201 00ba 1548     		ldr	r0, .L22+20
 202 00bc FFF7FEFF 		bl	SW_Tx_UART_PutString
 203              	.LVL22:
 204 00c0 124F     		ldr	r7, .L22+16
 205              	.LVL23:
 206              	.L10:
 207              	.LBB8:
  40:main.c        ****                 }
 208              		.loc 1 40 0 discriminator 3
 209 00c2 0120     		movs	r0, #1
 210 00c4 FFF7FEFF 		bl	LED_GREEN_Write
 211              	.LVL24:
 212 00c8 0120     		movs	r0, #1
 213 00ca FFF7FEFF 		bl	LED_BLUE_Write
 214              	.LVL25:
 215 00ce 013F     		subs	r7, r7, #1
 216              	.LVL26:
 217 00d0 0020     		movs	r0, #0
 218 00d2 FFF7FEFF 		bl	LED_RED_Write
 219              	.LVL27:
 220 00d6 002F     		cmp	r7, #0
 221 00d8 F3D1     		bne	.L10
 222 00da EBE7     		b	.L11
 223              	.LVL28:
 224              	.L7:
 225              	.LBE8:
  43:main.c        ****             } else if(input_idx < 9) {
 226              		.loc 1 43 0
 227 00dc 3378     		ldrb	r3, [r6]
 228 00de 082B     		cmp	r3, #8
 229 00e0 06D8     		bhi	.L6
  44:main.c        ****                 input[input_idx++] = current_key;
 230              		.loc 1 44 0
 231 00e2 5A1C     		adds	r2, r3, #1
 232 00e4 3270     		strb	r2, [r6]
 233 00e6 074A     		ldr	r2, .L22+8
  45:main.c        ****                 SW_Tx_UART_PutChar('*');
ARM GAS  C:\Users\STUDENT\AppData\Local\Temp\ccmDZyjs.s 			page 6


 234              		.loc 1 45 0
 235 00e8 2A20     		movs	r0, #42
  44:main.c        ****                 input[input_idx++] = current_key;
 236              		.loc 1 44 0
 237 00ea D554     		strb	r5, [r2, r3]
 238              		.loc 1 45 0
 239 00ec FFF7FEFF 		bl	SW_Tx_UART_PutChar
 240              	.LVL29:
 241              	.L6:
  46:main.c        ****             }
  47:main.c        ****         }
  48:main.c        ****         last_key = current_key;
  49:main.c        ****         CyDelay(50);
 242              		.loc 1 49 0
 243 00f0 3220     		movs	r0, #50
 244 00f2 FFF7FEFF 		bl	CyDelay
 245              	.LVL30:
 246              	.LBE3:
  50:main.c        ****     }
 247              		.loc 1 50 0
 248 00f6 0195     		str	r5, [sp, #4]
 249 00f8 91E7     		b	.L12
 250              	.L23:
 251 00fa C046     		.align	2
 252              	.L22:
 253 00fc 00000000 		.word	.LANCHOR0
 254 0100 00000000 		.word	.LANCHOR1
 255 0104 00000000 		.word	input
 256 0108 00000000 		.word	.LC6
 257 010c E7030000 		.word	999
 258 0110 11000000 		.word	.LC8
 259              		.cfi_endproc
 260              	.LFE32:
 261              		.size	main, .-main
 262              		.global	input_idx
 263              		.comm	input,10,1
 264              		.global	password
 265              		.global	key_map
 266              		.global	read_row
 267              		.global	set_col_dm
 268              		.global	write_col
 269              		.section	.rodata.str1.1,"aMS",%progbits,1
 270              	.LC6:
 271 0000 41636365 		.ascii	"Access allowed\015\012\000"
 271      73732061 
 271      6C6C6F77 
 271      65640D0A 
 271      00
 272              	.LC8:
 273 0011 41636365 		.ascii	"Access denied\015\012\000"
 273      73732064 
 273      656E6965 
 273      640D0A00 
 274              		.data
 275              		.align	2
 276              		.set	.LANCHOR0,. + 0
 277              		.type	set_col_dm, %object
ARM GAS  C:\Users\STUDENT\AppData\Local\Temp\ccmDZyjs.s 			page 7


 278              		.size	set_col_dm, 12
 279              	set_col_dm:
 280 0000 00000000 		.word	COLUMN_0_SetDriveMode
 281 0004 00000000 		.word	COLUMN_1_SetDriveMode
 282 0008 00000000 		.word	COLUMN_2_SetDriveMode
 283              		.type	write_col, %object
 284              		.size	write_col, 12
 285              	write_col:
 286 000c 00000000 		.word	COLUMN_0_Write
 287 0010 00000000 		.word	COLUMN_1_Write
 288 0014 00000000 		.word	COLUMN_2_Write
 289              		.type	read_row, %object
 290              		.size	read_row, 16
 291              	read_row:
 292 0018 00000000 		.word	ROW_0_Read
 293 001c 00000000 		.word	ROW_1_Read
 294 0020 00000000 		.word	ROW_2_Read
 295 0024 00000000 		.word	ROW_3_Read
 296              		.type	key_map, %object
 297              		.size	key_map, 12
 298              	key_map:
 299 0028 31       		.byte	49
 300 0029 32       		.byte	50
 301 002a 33       		.byte	51
 302 002b 34       		.byte	52
 303 002c 35       		.byte	53
 304 002d 36       		.byte	54
 305 002e 37       		.byte	55
 306 002f 38       		.byte	56
 307 0030 39       		.byte	57
 308 0031 2A       		.byte	42
 309 0032 30       		.byte	48
 310 0033 23       		.byte	35
 311              		.type	password, %object
 312              		.size	password, 4
 313              	password:
 314 0034 31323300 		.ascii	"123\000"
 315              		.bss
 316              		.set	.LANCHOR1,. + 0
 317              		.type	input_idx, %object
 318              		.size	input_idx, 1
 319              	input_idx:
 320 0000 00       		.space	1
 321              		.text
 322              	.Letext0:
 323              		.file 2 "c:\\program files (x86)\\cypress\\psoc creator\\4.4\\psoc creator\\import\\gnu\\arm\\5.4.
 324              		.file 3 "c:\\program files (x86)\\cypress\\psoc creator\\4.4\\psoc creator\\import\\gnu\\arm\\5.4.
 325              		.file 4 "Generated_Source\\PSoC4/cytypes.h"
 326              		.file 5 "Generated_Source\\PSoC4/LED_RED.h"
 327              		.file 6 "Generated_Source\\PSoC4/LED_BLUE.h"
 328              		.file 7 "Generated_Source\\PSoC4/LED_GREEN.h"
 329              		.file 8 "c:\\program files (x86)\\cypress\\psoc creator\\4.4\\psoc creator\\import\\gnu\\arm\\5.4.
 330              		.file 9 "Generated_Source\\PSoC4/SW_Tx_UART.h"
 331              		.file 10 "Generated_Source\\PSoC4/CyLib.h"
 332              		.section	.debug_info,"",%progbits
 333              	.Ldebug_info0:
 334 0000 CD030000 		.4byte	0x3cd
ARM GAS  C:\Users\STUDENT\AppData\Local\Temp\ccmDZyjs.s 			page 8


 335 0004 0400     		.2byte	0x4
 336 0006 00000000 		.4byte	.Ldebug_abbrev0
 337 000a 04       		.byte	0x4
 338 000b 01       		.uleb128 0x1
 339 000c AB010000 		.4byte	.LASF34
 340 0010 0C       		.byte	0xc
 341 0011 27010000 		.4byte	.LASF35
 342 0015 3D010000 		.4byte	.LASF36
 343 0019 18000000 		.4byte	.Ldebug_ranges0+0x18
 344 001d 00000000 		.4byte	0
 345 0021 00000000 		.4byte	.Ldebug_line0
 346 0025 02       		.uleb128 0x2
 347 0026 01       		.byte	0x1
 348 0027 06       		.byte	0x6
 349 0028 9F010000 		.4byte	.LASF0
 350 002c 03       		.uleb128 0x3
 351 002d 00000000 		.4byte	.LASF9
 352 0031 02       		.byte	0x2
 353 0032 1D       		.byte	0x1d
 354 0033 37000000 		.4byte	0x37
 355 0037 02       		.uleb128 0x2
 356 0038 01       		.byte	0x1
 357 0039 08       		.byte	0x8
 358 003a 6C000000 		.4byte	.LASF1
 359 003e 02       		.uleb128 0x2
 360 003f 02       		.byte	0x2
 361 0040 05       		.byte	0x5
 362 0041 80010000 		.4byte	.LASF2
 363 0045 02       		.uleb128 0x2
 364 0046 02       		.byte	0x2
 365 0047 07       		.byte	0x7
 366 0048 33000000 		.4byte	.LASF3
 367 004c 02       		.uleb128 0x2
 368 004d 04       		.byte	0x4
 369 004e 05       		.byte	0x5
 370 004f 8A010000 		.4byte	.LASF4
 371 0053 02       		.uleb128 0x2
 372 0054 04       		.byte	0x4
 373 0055 07       		.byte	0x7
 374 0056 80000000 		.4byte	.LASF5
 375 005a 02       		.uleb128 0x2
 376 005b 08       		.byte	0x8
 377 005c 05       		.byte	0x5
 378 005d 19010000 		.4byte	.LASF6
 379 0061 02       		.uleb128 0x2
 380 0062 08       		.byte	0x8
 381 0063 07       		.byte	0x7
 382 0064 E6000000 		.4byte	.LASF7
 383 0068 04       		.uleb128 0x4
 384 0069 04       		.byte	0x4
 385 006a 05       		.byte	0x5
 386 006b 696E7400 		.ascii	"int\000"
 387 006f 02       		.uleb128 0x2
 388 0070 04       		.byte	0x4
 389 0071 07       		.byte	0x7
 390 0072 D9000000 		.4byte	.LASF8
 391 0076 03       		.uleb128 0x3
ARM GAS  C:\Users\STUDENT\AppData\Local\Temp\ccmDZyjs.s 			page 9


 392 0077 46000000 		.4byte	.LASF10
 393 007b 03       		.byte	0x3
 394 007c 18       		.byte	0x18
 395 007d 2C000000 		.4byte	0x2c
 396 0081 05       		.uleb128 0x5
 397 0082 92000000 		.4byte	.LASF11
 398 0086 04       		.byte	0x4
 399 0087 FC01     		.2byte	0x1fc
 400 0089 37000000 		.4byte	0x37
 401 008d 02       		.uleb128 0x2
 402 008e 04       		.byte	0x4
 403 008f 04       		.byte	0x4
 404 0090 66000000 		.4byte	.LASF12
 405 0094 02       		.uleb128 0x2
 406 0095 08       		.byte	0x8
 407 0096 04       		.byte	0x4
 408 0097 98000000 		.4byte	.LASF13
 409 009b 02       		.uleb128 0x2
 410 009c 01       		.byte	0x1
 411 009d 08       		.byte	0x8
 412 009e 2E010000 		.4byte	.LASF14
 413 00a2 02       		.uleb128 0x2
 414 00a3 04       		.byte	0x4
 415 00a4 07       		.byte	0x7
 416 00a5 10010000 		.4byte	.LASF15
 417 00a9 02       		.uleb128 0x2
 418 00aa 08       		.byte	0x8
 419 00ab 04       		.byte	0x4
 420 00ac 93010000 		.4byte	.LASF16
 421 00b0 06       		.uleb128 0x6
 422 00b1 9F000000 		.4byte	.LASF37
 423 00b5 01       		.byte	0x1
 424 00b6 0D       		.byte	0xd
 425 00b7 68000000 		.4byte	0x68
 426 00bb 00000000 		.4byte	.LFB32
 427 00bf 14010000 		.4byte	.LFE32-.LFB32
 428 00c3 01       		.uleb128 0x1
 429 00c4 9C       		.byte	0x9c
 430 00c5 8F020000 		.4byte	0x28f
 431 00c9 07       		.uleb128 0x7
 432 00ca 4C020000 		.4byte	.LASF17
 433 00ce 01       		.byte	0x1
 434 00cf 13       		.byte	0x13
 435 00d0 76000000 		.4byte	0x76
 436 00d4 00000000 		.4byte	.LLST0
 437 00d8 08       		.uleb128 0x8
 438 00d9 0C000000 		.4byte	.LBB2
 439 00dd 12000000 		.4byte	.LBE2-.LBB2
 440 00e1 FE000000 		.4byte	0xfe
 441 00e5 09       		.uleb128 0x9
 442 00e6 6900     		.ascii	"i\000"
 443 00e8 01       		.byte	0x1
 444 00e9 11       		.byte	0x11
 445 00ea 68000000 		.4byte	0x68
 446 00ee 1F000000 		.4byte	.LLST1
 447 00f2 0A       		.uleb128 0xa
 448 00f3 16000000 		.4byte	.LVL2
ARM GAS  C:\Users\STUDENT\AppData\Local\Temp\ccmDZyjs.s 			page 10


 449 00f7 0B       		.uleb128 0xb
 450 00f8 01       		.uleb128 0x1
 451 00f9 50       		.byte	0x50
 452 00fa 01       		.uleb128 0x1
 453 00fb 31       		.byte	0x31
 454 00fc 00       		.byte	0
 455 00fd 00       		.byte	0
 456 00fe 08       		.uleb128 0x8
 457 00ff 1E000000 		.4byte	.LBB3
 458 0103 D8000000 		.4byte	.LBE3-.LBB3
 459 0107 85020000 		.4byte	0x285
 460 010b 07       		.uleb128 0x7
 461 010c FD000000 		.4byte	.LASF18
 462 0110 01       		.byte	0x1
 463 0111 17       		.byte	0x17
 464 0112 76000000 		.4byte	0x76
 465 0116 33000000 		.4byte	.LLST2
 466 011a 0C       		.uleb128 0xc
 467 011b 00000000 		.4byte	.Ldebug_ranges0+0
 468 011f 88010000 		.4byte	0x188
 469 0123 09       		.uleb128 0x9
 470 0124 6300     		.ascii	"c\000"
 471 0126 01       		.byte	0x1
 472 0127 18       		.byte	0x18
 473 0128 68000000 		.4byte	0x68
 474 012c 52000000 		.4byte	.LLST3
 475 0130 08       		.uleb128 0x8
 476 0131 3A000000 		.4byte	.LBB5
 477 0135 22000000 		.4byte	.LBE5-.LBB5
 478 0139 4B010000 		.4byte	0x14b
 479 013d 09       		.uleb128 0x9
 480 013e 7200     		.ascii	"r\000"
 481 0140 01       		.byte	0x1
 482 0141 1B       		.byte	0x1b
 483 0142 68000000 		.4byte	0x68
 484 0146 89000000 		.4byte	.LLST4
 485 014a 00       		.byte	0
 486 014b 0D       		.uleb128 0xd
 487 014c 2E000000 		.4byte	.LVL5
 488 0150 03       		.uleb128 0x3
 489 0151 91       		.byte	0x91
 490 0152 64       		.sleb128 -28
 491 0153 06       		.byte	0x6
 492 0154 5E010000 		.4byte	0x15e
 493 0158 0B       		.uleb128 0xb
 494 0159 01       		.uleb128 0x1
 495 015a 50       		.byte	0x50
 496 015b 01       		.uleb128 0x1
 497 015c 36       		.byte	0x36
 498 015d 00       		.byte	0
 499 015e 0E       		.uleb128 0xe
 500 015f 3A000000 		.4byte	.LVL6
 501 0163 6D010000 		.4byte	0x16d
 502 0167 0B       		.uleb128 0xb
 503 0168 01       		.uleb128 0x1
 504 0169 50       		.byte	0x50
 505 016a 01       		.uleb128 0x1
ARM GAS  C:\Users\STUDENT\AppData\Local\Temp\ccmDZyjs.s 			page 11


 506 016b 30       		.byte	0x30
 507 016c 00       		.byte	0
 508 016d 0E       		.uleb128 0xe
 509 016e 68000000 		.4byte	.LVL11
 510 0172 7C010000 		.4byte	0x17c
 511 0176 0B       		.uleb128 0xb
 512 0177 01       		.uleb128 0x1
 513 0178 50       		.byte	0x50
 514 0179 01       		.uleb128 0x1
 515 017a 31       		.byte	0x31
 516 017b 00       		.byte	0
 517 017c 0A       		.uleb128 0xa
 518 017d 72000000 		.4byte	.LVL13
 519 0181 0B       		.uleb128 0xb
 520 0182 01       		.uleb128 0x1
 521 0183 50       		.byte	0x50
 522 0184 01       		.uleb128 0x1
 523 0185 31       		.byte	0x31
 524 0186 00       		.byte	0
 525 0187 00       		.byte	0
 526 0188 08       		.uleb128 0x8
 527 0189 A2000000 		.4byte	.LBB7
 528 018d 12000000 		.4byte	.LBE7-.LBB7
 529 0191 C5010000 		.4byte	0x1c5
 530 0195 09       		.uleb128 0x9
 531 0196 6900     		.ascii	"i\000"
 532 0198 01       		.byte	0x1
 533 0199 25       		.byte	0x25
 534 019a 68000000 		.4byte	0x68
 535 019e BE000000 		.4byte	.LLST5
 536 01a2 0F       		.uleb128 0xf
 537 01a3 A8000000 		.4byte	.LVL18
 538 01a7 78030000 		.4byte	0x378
 539 01ab B5010000 		.4byte	0x1b5
 540 01af 0B       		.uleb128 0xb
 541 01b0 01       		.uleb128 0x1
 542 01b1 50       		.byte	0x50
 543 01b2 01       		.uleb128 0x1
 544 01b3 31       		.byte	0x31
 545 01b4 00       		.byte	0
 546 01b5 10       		.uleb128 0x10
 547 01b6 B0000000 		.4byte	.LVL20
 548 01ba 83030000 		.4byte	0x383
 549 01be 0B       		.uleb128 0xb
 550 01bf 01       		.uleb128 0x1
 551 01c0 50       		.byte	0x50
 552 01c1 01       		.uleb128 0x1
 553 01c2 31       		.byte	0x31
 554 01c3 00       		.byte	0
 555 01c4 00       		.byte	0
 556 01c5 08       		.uleb128 0x8
 557 01c6 C2000000 		.4byte	.LBB8
 558 01ca 1A000000 		.4byte	.LBE8-.LBB8
 559 01ce 15020000 		.4byte	0x215
 560 01d2 09       		.uleb128 0x9
 561 01d3 6900     		.ascii	"i\000"
 562 01d5 01       		.byte	0x1
ARM GAS  C:\Users\STUDENT\AppData\Local\Temp\ccmDZyjs.s 			page 12


 563 01d6 28       		.byte	0x28
 564 01d7 68000000 		.4byte	0x68
 565 01db F4000000 		.4byte	.LLST6
 566 01df 0F       		.uleb128 0xf
 567 01e0 C8000000 		.4byte	.LVL24
 568 01e4 8E030000 		.4byte	0x38e
 569 01e8 F2010000 		.4byte	0x1f2
 570 01ec 0B       		.uleb128 0xb
 571 01ed 01       		.uleb128 0x1
 572 01ee 50       		.byte	0x50
 573 01ef 01       		.uleb128 0x1
 574 01f0 31       		.byte	0x31
 575 01f1 00       		.byte	0
 576 01f2 0F       		.uleb128 0xf
 577 01f3 CE000000 		.4byte	.LVL25
 578 01f7 83030000 		.4byte	0x383
 579 01fb 05020000 		.4byte	0x205
 580 01ff 0B       		.uleb128 0xb
 581 0200 01       		.uleb128 0x1
 582 0201 50       		.byte	0x50
 583 0202 01       		.uleb128 0x1
 584 0203 31       		.byte	0x31
 585 0204 00       		.byte	0
 586 0205 10       		.uleb128 0x10
 587 0206 D6000000 		.4byte	.LVL27
 588 020a 78030000 		.4byte	0x378
 589 020e 0B       		.uleb128 0xb
 590 020f 01       		.uleb128 0x1
 591 0210 50       		.byte	0x50
 592 0211 01       		.uleb128 0x1
 593 0212 30       		.byte	0x30
 594 0213 00       		.byte	0
 595 0214 00       		.byte	0
 596 0215 0F       		.uleb128 0xf
 597 0216 96000000 		.4byte	.LVL15
 598 021a 99030000 		.4byte	0x399
 599 021e 32020000 		.4byte	0x232
 600 0222 0B       		.uleb128 0xb
 601 0223 01       		.uleb128 0x1
 602 0224 50       		.byte	0x50
 603 0225 05       		.uleb128 0x5
 604 0226 03       		.byte	0x3
 605 0227 00000000 		.4byte	input
 606 022b 0B       		.uleb128 0xb
 607 022c 01       		.uleb128 0x1
 608 022d 51       		.byte	0x51
 609 022e 02       		.uleb128 0x2
 610 022f 74       		.byte	0x74
 611 0230 34       		.sleb128 52
 612 0231 00       		.byte	0
 613 0232 0F       		.uleb128 0xf
 614 0233 A0000000 		.4byte	.LVL16
 615 0237 A4030000 		.4byte	0x3a4
 616 023b 49020000 		.4byte	0x249
 617 023f 0B       		.uleb128 0xb
 618 0240 01       		.uleb128 0x1
 619 0241 50       		.byte	0x50
ARM GAS  C:\Users\STUDENT\AppData\Local\Temp\ccmDZyjs.s 			page 13


 620 0242 05       		.uleb128 0x5
 621 0243 03       		.byte	0x3
 622 0244 00000000 		.4byte	.LC6
 623 0248 00       		.byte	0
 624 0249 0F       		.uleb128 0xf
 625 024a C0000000 		.4byte	.LVL22
 626 024e A4030000 		.4byte	0x3a4
 627 0252 60020000 		.4byte	0x260
 628 0256 0B       		.uleb128 0xb
 629 0257 01       		.uleb128 0x1
 630 0258 50       		.byte	0x50
 631 0259 05       		.uleb128 0x5
 632 025a 03       		.byte	0x3
 633 025b 11000000 		.4byte	.LC8
 634 025f 00       		.byte	0
 635 0260 0F       		.uleb128 0xf
 636 0261 F0000000 		.4byte	.LVL29
 637 0265 AF030000 		.4byte	0x3af
 638 0269 74020000 		.4byte	0x274
 639 026d 0B       		.uleb128 0xb
 640 026e 01       		.uleb128 0x1
 641 026f 50       		.byte	0x50
 642 0270 02       		.uleb128 0x2
 643 0271 08       		.byte	0x8
 644 0272 2A       		.byte	0x2a
 645 0273 00       		.byte	0
 646 0274 10       		.uleb128 0x10
 647 0275 F6000000 		.4byte	.LVL30
 648 0279 BA030000 		.4byte	0x3ba
 649 027d 0B       		.uleb128 0xb
 650 027e 01       		.uleb128 0x1
 651 027f 50       		.byte	0x50
 652 0280 02       		.uleb128 0x2
 653 0281 08       		.byte	0x8
 654 0282 32       		.byte	0x32
 655 0283 00       		.byte	0
 656 0284 00       		.byte	0
 657 0285 11       		.uleb128 0x11
 658 0286 0A000000 		.4byte	.LVL0
 659 028a C5030000 		.4byte	0x3c5
 660 028e 00       		.byte	0
 661 028f 12       		.uleb128 0x12
 662 0290 9F020000 		.4byte	0x29f
 663 0294 9F020000 		.4byte	0x29f
 664 0298 13       		.uleb128 0x13
 665 0299 A2000000 		.4byte	0xa2
 666 029d 02       		.byte	0x2
 667 029e 00       		.byte	0
 668 029f 14       		.uleb128 0x14
 669 02a0 04       		.byte	0x4
 670 02a1 A5020000 		.4byte	0x2a5
 671 02a5 15       		.uleb128 0x15
 672 02a6 B0020000 		.4byte	0x2b0
 673 02aa 16       		.uleb128 0x16
 674 02ab 81000000 		.4byte	0x81
 675 02af 00       		.byte	0
 676 02b0 17       		.uleb128 0x17
ARM GAS  C:\Users\STUDENT\AppData\Local\Temp\ccmDZyjs.s 			page 14


 677 02b1 33010000 		.4byte	.LASF19
 678 02b5 01       		.byte	0x1
 679 02b6 04       		.byte	0x4
 680 02b7 8F020000 		.4byte	0x28f
 681 02bb 05       		.uleb128 0x5
 682 02bc 03       		.byte	0x3
 683 02bd 00000000 		.4byte	write_col
 684 02c1 17       		.uleb128 0x17
 685 02c2 55020000 		.4byte	.LASF20
 686 02c6 01       		.byte	0x1
 687 02c7 05       		.byte	0x5
 688 02c8 8F020000 		.4byte	0x28f
 689 02cc 05       		.uleb128 0x5
 690 02cd 03       		.byte	0x3
 691 02ce 00000000 		.4byte	set_col_dm
 692 02d2 12       		.uleb128 0x12
 693 02d3 E2020000 		.4byte	0x2e2
 694 02d7 E2020000 		.4byte	0x2e2
 695 02db 13       		.uleb128 0x13
 696 02dc A2000000 		.4byte	0xa2
 697 02e0 03       		.byte	0x3
 698 02e1 00       		.byte	0
 699 02e2 14       		.uleb128 0x14
 700 02e3 04       		.byte	0x4
 701 02e4 E8020000 		.4byte	0x2e8
 702 02e8 18       		.uleb128 0x18
 703 02e9 81000000 		.4byte	0x81
 704 02ed 17       		.uleb128 0x17
 705 02ee 2A000000 		.4byte	.LASF21
 706 02f2 01       		.byte	0x1
 707 02f3 06       		.byte	0x6
 708 02f4 D2020000 		.4byte	0x2d2
 709 02f8 05       		.uleb128 0x5
 710 02f9 03       		.byte	0x3
 711 02fa 00000000 		.4byte	read_row
 712 02fe 12       		.uleb128 0x12
 713 02ff 76000000 		.4byte	0x76
 714 0303 14030000 		.4byte	0x314
 715 0307 13       		.uleb128 0x13
 716 0308 A2000000 		.4byte	0xa2
 717 030c 03       		.byte	0x3
 718 030d 13       		.uleb128 0x13
 719 030e A2000000 		.4byte	0xa2
 720 0312 02       		.byte	0x2
 721 0313 00       		.byte	0
 722 0314 17       		.uleb128 0x17
 723 0315 22000000 		.4byte	.LASF22
 724 0319 01       		.byte	0x1
 725 031a 08       		.byte	0x8
 726 031b FE020000 		.4byte	0x2fe
 727 031f 05       		.uleb128 0x5
 728 0320 03       		.byte	0x3
 729 0321 00000000 		.4byte	key_map
 730 0325 12       		.uleb128 0x12
 731 0326 9B000000 		.4byte	0x9b
 732 032a 35030000 		.4byte	0x335
 733 032e 13       		.uleb128 0x13
ARM GAS  C:\Users\STUDENT\AppData\Local\Temp\ccmDZyjs.s 			page 15


 734 032f A2000000 		.4byte	0xa2
 735 0333 03       		.byte	0x3
 736 0334 00       		.byte	0
 737 0335 17       		.uleb128 0x17
 738 0336 60020000 		.4byte	.LASF23
 739 033a 01       		.byte	0x1
 740 033b 09       		.byte	0x9
 741 033c 25030000 		.4byte	0x325
 742 0340 05       		.uleb128 0x5
 743 0341 03       		.byte	0x3
 744 0342 00000000 		.4byte	password
 745 0346 12       		.uleb128 0x12
 746 0347 9B000000 		.4byte	0x9b
 747 034b 56030000 		.4byte	0x356
 748 034f 13       		.uleb128 0x13
 749 0350 A2000000 		.4byte	0xa2
 750 0354 09       		.byte	0x9
 751 0355 00       		.byte	0
 752 0356 17       		.uleb128 0x17
 753 0357 7A000000 		.4byte	.LASF24
 754 035b 01       		.byte	0x1
 755 035c 0A       		.byte	0xa
 756 035d 46030000 		.4byte	0x346
 757 0361 05       		.uleb128 0x5
 758 0362 03       		.byte	0x3
 759 0363 00000000 		.4byte	input
 760 0367 17       		.uleb128 0x17
 761 0368 0A000000 		.4byte	.LASF25
 762 036c 01       		.byte	0x1
 763 036d 0B       		.byte	0xb
 764 036e 76000000 		.4byte	0x76
 765 0372 05       		.uleb128 0x5
 766 0373 03       		.byte	0x3
 767 0374 00000000 		.4byte	input_idx
 768 0378 19       		.uleb128 0x19
 769 0379 14000000 		.4byte	.LASF26
 770 037d 14000000 		.4byte	.LASF26
 771 0381 05       		.byte	0x5
 772 0382 33       		.byte	0x33
 773 0383 19       		.uleb128 0x19
 774 0384 B5000000 		.4byte	.LASF27
 775 0388 B5000000 		.4byte	.LASF27
 776 038c 06       		.byte	0x6
 777 038d 33       		.byte	0x33
 778 038e 19       		.uleb128 0x19
 779 038f 4E000000 		.4byte	.LASF28
 780 0393 4E000000 		.4byte	.LASF28
 781 0397 07       		.byte	0x7
 782 0398 33       		.byte	0x33
 783 0399 19       		.uleb128 0x19
 784 039a 09010000 		.4byte	.LASF29
 785 039e 09010000 		.4byte	.LASF29
 786 03a2 08       		.byte	0x8
 787 03a3 1C       		.byte	0x1c
 788 03a4 19       		.uleb128 0x19
 789 03a5 C4000000 		.4byte	.LASF30
 790 03a9 C4000000 		.4byte	.LASF30
ARM GAS  C:\Users\STUDENT\AppData\Local\Temp\ccmDZyjs.s 			page 16


 791 03ad 09       		.byte	0x9
 792 03ae 26       		.byte	0x26
 793 03af 19       		.uleb128 0x19
 794 03b0 39020000 		.4byte	.LASF31
 795 03b4 39020000 		.4byte	.LASF31
 796 03b8 09       		.byte	0x9
 797 03b9 25       		.byte	0x25
 798 03ba 19       		.uleb128 0x19
 799 03bb 5E000000 		.4byte	.LASF32
 800 03bf 5E000000 		.4byte	.LASF32
 801 03c3 0A       		.byte	0xa
 802 03c4 EC       		.byte	0xec
 803 03c5 19       		.uleb128 0x19
 804 03c6 A4000000 		.4byte	.LASF33
 805 03ca A4000000 		.4byte	.LASF33
 806 03ce 09       		.byte	0x9
 807 03cf 1F       		.byte	0x1f
 808 03d0 00       		.byte	0
 809              		.section	.debug_abbrev,"",%progbits
 810              	.Ldebug_abbrev0:
 811 0000 01       		.uleb128 0x1
 812 0001 11       		.uleb128 0x11
 813 0002 01       		.byte	0x1
 814 0003 25       		.uleb128 0x25
 815 0004 0E       		.uleb128 0xe
 816 0005 13       		.uleb128 0x13
 817 0006 0B       		.uleb128 0xb
 818 0007 03       		.uleb128 0x3
 819 0008 0E       		.uleb128 0xe
 820 0009 1B       		.uleb128 0x1b
 821 000a 0E       		.uleb128 0xe
 822 000b 55       		.uleb128 0x55
 823 000c 17       		.uleb128 0x17
 824 000d 11       		.uleb128 0x11
 825 000e 01       		.uleb128 0x1
 826 000f 10       		.uleb128 0x10
 827 0010 17       		.uleb128 0x17
 828 0011 00       		.byte	0
 829 0012 00       		.byte	0
 830 0013 02       		.uleb128 0x2
 831 0014 24       		.uleb128 0x24
 832 0015 00       		.byte	0
 833 0016 0B       		.uleb128 0xb
 834 0017 0B       		.uleb128 0xb
 835 0018 3E       		.uleb128 0x3e
 836 0019 0B       		.uleb128 0xb
 837 001a 03       		.uleb128 0x3
 838 001b 0E       		.uleb128 0xe
 839 001c 00       		.byte	0
 840 001d 00       		.byte	0
 841 001e 03       		.uleb128 0x3
 842 001f 16       		.uleb128 0x16
 843 0020 00       		.byte	0
 844 0021 03       		.uleb128 0x3
 845 0022 0E       		.uleb128 0xe
 846 0023 3A       		.uleb128 0x3a
 847 0024 0B       		.uleb128 0xb
ARM GAS  C:\Users\STUDENT\AppData\Local\Temp\ccmDZyjs.s 			page 17


 848 0025 3B       		.uleb128 0x3b
 849 0026 0B       		.uleb128 0xb
 850 0027 49       		.uleb128 0x49
 851 0028 13       		.uleb128 0x13
 852 0029 00       		.byte	0
 853 002a 00       		.byte	0
 854 002b 04       		.uleb128 0x4
 855 002c 24       		.uleb128 0x24
 856 002d 00       		.byte	0
 857 002e 0B       		.uleb128 0xb
 858 002f 0B       		.uleb128 0xb
 859 0030 3E       		.uleb128 0x3e
 860 0031 0B       		.uleb128 0xb
 861 0032 03       		.uleb128 0x3
 862 0033 08       		.uleb128 0x8
 863 0034 00       		.byte	0
 864 0035 00       		.byte	0
 865 0036 05       		.uleb128 0x5
 866 0037 16       		.uleb128 0x16
 867 0038 00       		.byte	0
 868 0039 03       		.uleb128 0x3
 869 003a 0E       		.uleb128 0xe
 870 003b 3A       		.uleb128 0x3a
 871 003c 0B       		.uleb128 0xb
 872 003d 3B       		.uleb128 0x3b
 873 003e 05       		.uleb128 0x5
 874 003f 49       		.uleb128 0x49
 875 0040 13       		.uleb128 0x13
 876 0041 00       		.byte	0
 877 0042 00       		.byte	0
 878 0043 06       		.uleb128 0x6
 879 0044 2E       		.uleb128 0x2e
 880 0045 01       		.byte	0x1
 881 0046 3F       		.uleb128 0x3f
 882 0047 19       		.uleb128 0x19
 883 0048 03       		.uleb128 0x3
 884 0049 0E       		.uleb128 0xe
 885 004a 3A       		.uleb128 0x3a
 886 004b 0B       		.uleb128 0xb
 887 004c 3B       		.uleb128 0x3b
 888 004d 0B       		.uleb128 0xb
 889 004e 27       		.uleb128 0x27
 890 004f 19       		.uleb128 0x19
 891 0050 49       		.uleb128 0x49
 892 0051 13       		.uleb128 0x13
 893 0052 8701     		.uleb128 0x87
 894 0054 19       		.uleb128 0x19
 895 0055 11       		.uleb128 0x11
 896 0056 01       		.uleb128 0x1
 897 0057 12       		.uleb128 0x12
 898 0058 06       		.uleb128 0x6
 899 0059 40       		.uleb128 0x40
 900 005a 18       		.uleb128 0x18
 901 005b 9642     		.uleb128 0x2116
 902 005d 19       		.uleb128 0x19
 903 005e 01       		.uleb128 0x1
 904 005f 13       		.uleb128 0x13
ARM GAS  C:\Users\STUDENT\AppData\Local\Temp\ccmDZyjs.s 			page 18


 905 0060 00       		.byte	0
 906 0061 00       		.byte	0
 907 0062 07       		.uleb128 0x7
 908 0063 34       		.uleb128 0x34
 909 0064 00       		.byte	0
 910 0065 03       		.uleb128 0x3
 911 0066 0E       		.uleb128 0xe
 912 0067 3A       		.uleb128 0x3a
 913 0068 0B       		.uleb128 0xb
 914 0069 3B       		.uleb128 0x3b
 915 006a 0B       		.uleb128 0xb
 916 006b 49       		.uleb128 0x49
 917 006c 13       		.uleb128 0x13
 918 006d 02       		.uleb128 0x2
 919 006e 17       		.uleb128 0x17
 920 006f 00       		.byte	0
 921 0070 00       		.byte	0
 922 0071 08       		.uleb128 0x8
 923 0072 0B       		.uleb128 0xb
 924 0073 01       		.byte	0x1
 925 0074 11       		.uleb128 0x11
 926 0075 01       		.uleb128 0x1
 927 0076 12       		.uleb128 0x12
 928 0077 06       		.uleb128 0x6
 929 0078 01       		.uleb128 0x1
 930 0079 13       		.uleb128 0x13
 931 007a 00       		.byte	0
 932 007b 00       		.byte	0
 933 007c 09       		.uleb128 0x9
 934 007d 34       		.uleb128 0x34
 935 007e 00       		.byte	0
 936 007f 03       		.uleb128 0x3
 937 0080 08       		.uleb128 0x8
 938 0081 3A       		.uleb128 0x3a
 939 0082 0B       		.uleb128 0xb
 940 0083 3B       		.uleb128 0x3b
 941 0084 0B       		.uleb128 0xb
 942 0085 49       		.uleb128 0x49
 943 0086 13       		.uleb128 0x13
 944 0087 02       		.uleb128 0x2
 945 0088 17       		.uleb128 0x17
 946 0089 00       		.byte	0
 947 008a 00       		.byte	0
 948 008b 0A       		.uleb128 0xa
 949 008c 898201   		.uleb128 0x4109
 950 008f 01       		.byte	0x1
 951 0090 11       		.uleb128 0x11
 952 0091 01       		.uleb128 0x1
 953 0092 00       		.byte	0
 954 0093 00       		.byte	0
 955 0094 0B       		.uleb128 0xb
 956 0095 8A8201   		.uleb128 0x410a
 957 0098 00       		.byte	0
 958 0099 02       		.uleb128 0x2
 959 009a 18       		.uleb128 0x18
 960 009b 9142     		.uleb128 0x2111
 961 009d 18       		.uleb128 0x18
ARM GAS  C:\Users\STUDENT\AppData\Local\Temp\ccmDZyjs.s 			page 19


 962 009e 00       		.byte	0
 963 009f 00       		.byte	0
 964 00a0 0C       		.uleb128 0xc
 965 00a1 0B       		.uleb128 0xb
 966 00a2 01       		.byte	0x1
 967 00a3 55       		.uleb128 0x55
 968 00a4 17       		.uleb128 0x17
 969 00a5 01       		.uleb128 0x1
 970 00a6 13       		.uleb128 0x13
 971 00a7 00       		.byte	0
 972 00a8 00       		.byte	0
 973 00a9 0D       		.uleb128 0xd
 974 00aa 898201   		.uleb128 0x4109
 975 00ad 01       		.byte	0x1
 976 00ae 11       		.uleb128 0x11
 977 00af 01       		.uleb128 0x1
 978 00b0 9342     		.uleb128 0x2113
 979 00b2 18       		.uleb128 0x18
 980 00b3 01       		.uleb128 0x1
 981 00b4 13       		.uleb128 0x13
 982 00b5 00       		.byte	0
 983 00b6 00       		.byte	0
 984 00b7 0E       		.uleb128 0xe
 985 00b8 898201   		.uleb128 0x4109
 986 00bb 01       		.byte	0x1
 987 00bc 11       		.uleb128 0x11
 988 00bd 01       		.uleb128 0x1
 989 00be 01       		.uleb128 0x1
 990 00bf 13       		.uleb128 0x13
 991 00c0 00       		.byte	0
 992 00c1 00       		.byte	0
 993 00c2 0F       		.uleb128 0xf
 994 00c3 898201   		.uleb128 0x4109
 995 00c6 01       		.byte	0x1
 996 00c7 11       		.uleb128 0x11
 997 00c8 01       		.uleb128 0x1
 998 00c9 31       		.uleb128 0x31
 999 00ca 13       		.uleb128 0x13
 1000 00cb 01       		.uleb128 0x1
 1001 00cc 13       		.uleb128 0x13
 1002 00cd 00       		.byte	0
 1003 00ce 00       		.byte	0
 1004 00cf 10       		.uleb128 0x10
 1005 00d0 898201   		.uleb128 0x4109
 1006 00d3 01       		.byte	0x1
 1007 00d4 11       		.uleb128 0x11
 1008 00d5 01       		.uleb128 0x1
 1009 00d6 31       		.uleb128 0x31
 1010 00d7 13       		.uleb128 0x13
 1011 00d8 00       		.byte	0
 1012 00d9 00       		.byte	0
 1013 00da 11       		.uleb128 0x11
 1014 00db 898201   		.uleb128 0x4109
 1015 00de 00       		.byte	0
 1016 00df 11       		.uleb128 0x11
 1017 00e0 01       		.uleb128 0x1
 1018 00e1 31       		.uleb128 0x31
ARM GAS  C:\Users\STUDENT\AppData\Local\Temp\ccmDZyjs.s 			page 20


 1019 00e2 13       		.uleb128 0x13
 1020 00e3 00       		.byte	0
 1021 00e4 00       		.byte	0
 1022 00e5 12       		.uleb128 0x12
 1023 00e6 01       		.uleb128 0x1
 1024 00e7 01       		.byte	0x1
 1025 00e8 49       		.uleb128 0x49
 1026 00e9 13       		.uleb128 0x13
 1027 00ea 01       		.uleb128 0x1
 1028 00eb 13       		.uleb128 0x13
 1029 00ec 00       		.byte	0
 1030 00ed 00       		.byte	0
 1031 00ee 13       		.uleb128 0x13
 1032 00ef 21       		.uleb128 0x21
 1033 00f0 00       		.byte	0
 1034 00f1 49       		.uleb128 0x49
 1035 00f2 13       		.uleb128 0x13
 1036 00f3 2F       		.uleb128 0x2f
 1037 00f4 0B       		.uleb128 0xb
 1038 00f5 00       		.byte	0
 1039 00f6 00       		.byte	0
 1040 00f7 14       		.uleb128 0x14
 1041 00f8 0F       		.uleb128 0xf
 1042 00f9 00       		.byte	0
 1043 00fa 0B       		.uleb128 0xb
 1044 00fb 0B       		.uleb128 0xb
 1045 00fc 49       		.uleb128 0x49
 1046 00fd 13       		.uleb128 0x13
 1047 00fe 00       		.byte	0
 1048 00ff 00       		.byte	0
 1049 0100 15       		.uleb128 0x15
 1050 0101 15       		.uleb128 0x15
 1051 0102 01       		.byte	0x1
 1052 0103 27       		.uleb128 0x27
 1053 0104 19       		.uleb128 0x19
 1054 0105 01       		.uleb128 0x1
 1055 0106 13       		.uleb128 0x13
 1056 0107 00       		.byte	0
 1057 0108 00       		.byte	0
 1058 0109 16       		.uleb128 0x16
 1059 010a 05       		.uleb128 0x5
 1060 010b 00       		.byte	0
 1061 010c 49       		.uleb128 0x49
 1062 010d 13       		.uleb128 0x13
 1063 010e 00       		.byte	0
 1064 010f 00       		.byte	0
 1065 0110 17       		.uleb128 0x17
 1066 0111 34       		.uleb128 0x34
 1067 0112 00       		.byte	0
 1068 0113 03       		.uleb128 0x3
 1069 0114 0E       		.uleb128 0xe
 1070 0115 3A       		.uleb128 0x3a
 1071 0116 0B       		.uleb128 0xb
 1072 0117 3B       		.uleb128 0x3b
 1073 0118 0B       		.uleb128 0xb
 1074 0119 49       		.uleb128 0x49
 1075 011a 13       		.uleb128 0x13
ARM GAS  C:\Users\STUDENT\AppData\Local\Temp\ccmDZyjs.s 			page 21


 1076 011b 3F       		.uleb128 0x3f
 1077 011c 19       		.uleb128 0x19
 1078 011d 02       		.uleb128 0x2
 1079 011e 18       		.uleb128 0x18
 1080 011f 00       		.byte	0
 1081 0120 00       		.byte	0
 1082 0121 18       		.uleb128 0x18
 1083 0122 15       		.uleb128 0x15
 1084 0123 00       		.byte	0
 1085 0124 27       		.uleb128 0x27
 1086 0125 19       		.uleb128 0x19
 1087 0126 49       		.uleb128 0x49
 1088 0127 13       		.uleb128 0x13
 1089 0128 00       		.byte	0
 1090 0129 00       		.byte	0
 1091 012a 19       		.uleb128 0x19
 1092 012b 2E       		.uleb128 0x2e
 1093 012c 00       		.byte	0
 1094 012d 3F       		.uleb128 0x3f
 1095 012e 19       		.uleb128 0x19
 1096 012f 3C       		.uleb128 0x3c
 1097 0130 19       		.uleb128 0x19
 1098 0131 6E       		.uleb128 0x6e
 1099 0132 0E       		.uleb128 0xe
 1100 0133 03       		.uleb128 0x3
 1101 0134 0E       		.uleb128 0xe
 1102 0135 3A       		.uleb128 0x3a
 1103 0136 0B       		.uleb128 0xb
 1104 0137 3B       		.uleb128 0x3b
 1105 0138 0B       		.uleb128 0xb
 1106 0139 00       		.byte	0
 1107 013a 00       		.byte	0
 1108 013b 00       		.byte	0
 1109              		.section	.debug_loc,"",%progbits
 1110              	.Ldebug_loc0:
 1111              	.LLST0:
 1112 0000 1E000000 		.4byte	.LVL3
 1113 0004 F0000000 		.4byte	.LVL29
 1114 0008 0200     		.2byte	0x2
 1115 000a 91       		.byte	0x91
 1116 000b 5C       		.sleb128 -36
 1117 000c F0000000 		.4byte	.LVL29
 1118 0010 14010000 		.4byte	.LFE32
 1119 0014 0100     		.2byte	0x1
 1120 0016 55       		.byte	0x55
 1121 0017 00000000 		.4byte	0
 1122 001b 00000000 		.4byte	0
 1123              	.LLST1:
 1124 001f 0A000000 		.4byte	.LVL0
 1125 0023 0C000000 		.4byte	.LVL1
 1126 0027 0200     		.2byte	0x2
 1127 0029 30       		.byte	0x30
 1128 002a 9F       		.byte	0x9f
 1129 002b 00000000 		.4byte	0
 1130 002f 00000000 		.4byte	0
 1131              	.LLST2:
 1132 0033 1E000000 		.4byte	.LVL3
ARM GAS  C:\Users\STUDENT\AppData\Local\Temp\ccmDZyjs.s 			page 22


 1133 0037 22000000 		.4byte	.LVL4
 1134 003b 0200     		.2byte	0x2
 1135 003d 30       		.byte	0x30
 1136 003e 9F       		.byte	0x9f
 1137 003f 22000000 		.4byte	.LVL4
 1138 0043 14010000 		.4byte	.LFE32
 1139 0047 0100     		.2byte	0x1
 1140 0049 55       		.byte	0x55
 1141 004a 00000000 		.4byte	0
 1142 004e 00000000 		.4byte	0
 1143              	.LLST3:
 1144 0052 1E000000 		.4byte	.LVL3
 1145 0056 22000000 		.4byte	.LVL4
 1146 005a 0200     		.2byte	0x2
 1147 005c 30       		.byte	0x30
 1148 005d 9F       		.byte	0x9f
 1149 005e 22000000 		.4byte	.LVL4
 1150 0062 70000000 		.4byte	.LVL12
 1151 0066 0100     		.2byte	0x1
 1152 0068 56       		.byte	0x56
 1153 0069 70000000 		.4byte	.LVL12
 1154 006d 72000000 		.4byte	.LVL13
 1155 0071 0300     		.2byte	0x3
 1156 0073 76       		.byte	0x76
 1157 0074 7F       		.sleb128 -1
 1158 0075 9F       		.byte	0x9f
 1159 0076 72000000 		.4byte	.LVL13
 1160 007a 82000000 		.4byte	.LVL14
 1161 007e 0100     		.2byte	0x1
 1162 0080 56       		.byte	0x56
 1163 0081 00000000 		.4byte	0
 1164 0085 00000000 		.4byte	0
 1165              	.LLST4:
 1166 0089 3A000000 		.4byte	.LVL6
 1167 008d 3C000000 		.4byte	.LVL7
 1168 0091 0200     		.2byte	0x2
 1169 0093 30       		.byte	0x30
 1170 0094 9F       		.byte	0x9f
 1171 0095 3C000000 		.4byte	.LVL7
 1172 0099 A2000000 		.4byte	.LVL17
 1173 009d 0100     		.2byte	0x1
 1174 009f 57       		.byte	0x57
 1175 00a0 BA000000 		.4byte	.LVL21
 1176 00a4 C2000000 		.4byte	.LVL23
 1177 00a8 0100     		.2byte	0x1
 1178 00aa 57       		.byte	0x57
 1179 00ab DC000000 		.4byte	.LVL28
 1180 00af F0000000 		.4byte	.LVL29
 1181 00b3 0100     		.2byte	0x1
 1182 00b5 57       		.byte	0x57
 1183 00b6 00000000 		.4byte	0
 1184 00ba 00000000 		.4byte	0
 1185              	.LLST5:
 1186 00be A0000000 		.4byte	.LVL16
 1187 00c2 A2000000 		.4byte	.LVL17
 1188 00c6 0200     		.2byte	0x2
 1189 00c8 30       		.byte	0x30
ARM GAS  C:\Users\STUDENT\AppData\Local\Temp\ccmDZyjs.s 			page 23


 1190 00c9 9F       		.byte	0x9f
 1191 00ca A2000000 		.4byte	.LVL17
 1192 00ce AA000000 		.4byte	.LVL19
 1193 00d2 0700     		.2byte	0x7
 1194 00d4 0A       		.byte	0xa
 1195 00d5 E703     		.2byte	0x3e7
 1196 00d7 77       		.byte	0x77
 1197 00d8 00       		.sleb128 0
 1198 00d9 1C       		.byte	0x1c
 1199 00da 9F       		.byte	0x9f
 1200 00db AA000000 		.4byte	.LVL19
 1201 00df B0000000 		.4byte	.LVL20
 1202 00e3 0700     		.2byte	0x7
 1203 00e5 0A       		.byte	0xa
 1204 00e6 E603     		.2byte	0x3e6
 1205 00e8 77       		.byte	0x77
 1206 00e9 00       		.sleb128 0
 1207 00ea 1C       		.byte	0x1c
 1208 00eb 9F       		.byte	0x9f
 1209 00ec 00000000 		.4byte	0
 1210 00f0 00000000 		.4byte	0
 1211              	.LLST6:
 1212 00f4 C0000000 		.4byte	.LVL22
 1213 00f8 C2000000 		.4byte	.LVL23
 1214 00fc 0200     		.2byte	0x2
 1215 00fe 30       		.byte	0x30
 1216 00ff 9F       		.byte	0x9f
 1217 0100 C2000000 		.4byte	.LVL23
 1218 0104 D0000000 		.4byte	.LVL26
 1219 0108 0700     		.2byte	0x7
 1220 010a 0A       		.byte	0xa
 1221 010b E703     		.2byte	0x3e7
 1222 010d 77       		.byte	0x77
 1223 010e 00       		.sleb128 0
 1224 010f 1C       		.byte	0x1c
 1225 0110 9F       		.byte	0x9f
 1226 0111 D0000000 		.4byte	.LVL26
 1227 0115 D6000000 		.4byte	.LVL27
 1228 0119 0700     		.2byte	0x7
 1229 011b 0A       		.byte	0xa
 1230 011c E603     		.2byte	0x3e6
 1231 011e 77       		.byte	0x77
 1232 011f 00       		.sleb128 0
 1233 0120 1C       		.byte	0x1c
 1234 0121 9F       		.byte	0x9f
 1235 0122 00000000 		.4byte	0
 1236 0126 00000000 		.4byte	0
 1237              		.section	.debug_aranges,"",%progbits
 1238 0000 1C000000 		.4byte	0x1c
 1239 0004 0200     		.2byte	0x2
 1240 0006 00000000 		.4byte	.Ldebug_info0
 1241 000a 04       		.byte	0x4
 1242 000b 00       		.byte	0
 1243 000c 0000     		.2byte	0
 1244 000e 0000     		.2byte	0
 1245 0010 00000000 		.4byte	.LFB32
 1246 0014 14010000 		.4byte	.LFE32-.LFB32
ARM GAS  C:\Users\STUDENT\AppData\Local\Temp\ccmDZyjs.s 			page 24


 1247 0018 00000000 		.4byte	0
 1248 001c 00000000 		.4byte	0
 1249              		.section	.debug_ranges,"",%progbits
 1250              	.Ldebug_ranges0:
 1251 0000 1E000000 		.4byte	.LBB4
 1252 0004 20000000 		.4byte	.LBE4
 1253 0008 26000000 		.4byte	.LBB6
 1254 000c 76000000 		.4byte	.LBE6
 1255 0010 00000000 		.4byte	0
 1256 0014 00000000 		.4byte	0
 1257 0018 00000000 		.4byte	.LFB32
 1258 001c 14010000 		.4byte	.LFE32
 1259 0020 00000000 		.4byte	0
 1260 0024 00000000 		.4byte	0
 1261              		.section	.debug_line,"",%progbits
 1262              	.Ldebug_line0:
 1263 0000 64020000 		.section	.debug_str,"MS",%progbits,1
 1263      0200F701 
 1263      00000201 
 1263      FB0E0D00 
 1263      01010101 
 1264              	.LASF9:
 1265 0000 5F5F7569 		.ascii	"__uint8_t\000"
 1265      6E74385F 
 1265      7400
 1266              	.LASF25:
 1267 000a 696E7075 		.ascii	"input_idx\000"
 1267      745F6964 
 1267      7800
 1268              	.LASF26:
 1269 0014 4C45445F 		.ascii	"LED_RED_Write\000"
 1269      5245445F 
 1269      57726974 
 1269      6500
 1270              	.LASF22:
 1271 0022 6B65795F 		.ascii	"key_map\000"
 1271      6D617000 
 1272              	.LASF21:
 1273 002a 72656164 		.ascii	"read_row\000"
 1273      5F726F77 
 1273      00
 1274              	.LASF3:
 1275 0033 73686F72 		.ascii	"short unsigned int\000"
 1275      7420756E 
 1275      7369676E 
 1275      65642069 
 1275      6E7400
 1276              	.LASF10:
 1277 0046 75696E74 		.ascii	"uint8_t\000"
 1277      385F7400 
 1278              	.LASF28:
 1279 004e 4C45445F 		.ascii	"LED_GREEN_Write\000"
 1279      47524545 
 1279      4E5F5772 
 1279      69746500 
 1280              	.LASF32:
 1281 005e 43794465 		.ascii	"CyDelay\000"
ARM GAS  C:\Users\STUDENT\AppData\Local\Temp\ccmDZyjs.s 			page 25


 1281      6C617900 
 1282              	.LASF12:
 1283 0066 666C6F61 		.ascii	"float\000"
 1283      7400
 1284              	.LASF1:
 1285 006c 756E7369 		.ascii	"unsigned char\000"
 1285      676E6564 
 1285      20636861 
 1285      7200
 1286              	.LASF24:
 1287 007a 696E7075 		.ascii	"input\000"
 1287      7400
 1288              	.LASF5:
 1289 0080 6C6F6E67 		.ascii	"long unsigned int\000"
 1289      20756E73 
 1289      69676E65 
 1289      6420696E 
 1289      7400
 1290              	.LASF11:
 1291 0092 75696E74 		.ascii	"uint8\000"
 1291      3800
 1292              	.LASF13:
 1293 0098 646F7562 		.ascii	"double\000"
 1293      6C6500
 1294              	.LASF37:
 1295 009f 6D61696E 		.ascii	"main\000"
 1295      00
 1296              	.LASF33:
 1297 00a4 53575F54 		.ascii	"SW_Tx_UART_Start\000"
 1297      785F5541 
 1297      52545F53 
 1297      74617274 
 1297      00
 1298              	.LASF27:
 1299 00b5 4C45445F 		.ascii	"LED_BLUE_Write\000"
 1299      424C5545 
 1299      5F577269 
 1299      746500
 1300              	.LASF30:
 1301 00c4 53575F54 		.ascii	"SW_Tx_UART_PutString\000"
 1301      785F5541 
 1301      52545F50 
 1301      75745374 
 1301      72696E67 
 1302              	.LASF8:
 1303 00d9 756E7369 		.ascii	"unsigned int\000"
 1303      676E6564 
 1303      20696E74 
 1303      00
 1304              	.LASF7:
 1305 00e6 6C6F6E67 		.ascii	"long long unsigned int\000"
 1305      206C6F6E 
 1305      6720756E 
 1305      7369676E 
 1305      65642069 
 1306              	.LASF18:
 1307 00fd 63757272 		.ascii	"current_key\000"
ARM GAS  C:\Users\STUDENT\AppData\Local\Temp\ccmDZyjs.s 			page 26


 1307      656E745F 
 1307      6B657900 
 1308              	.LASF29:
 1309 0109 73747263 		.ascii	"strcmp\000"
 1309      6D7000
 1310              	.LASF15:
 1311 0110 73697A65 		.ascii	"sizetype\000"
 1311      74797065 
 1311      00
 1312              	.LASF6:
 1313 0119 6C6F6E67 		.ascii	"long long int\000"
 1313      206C6F6E 
 1313      6720696E 
 1313      7400
 1314              	.LASF35:
 1315 0127 6D61696E 		.ascii	"main.c\000"
 1315      2E6300
 1316              	.LASF14:
 1317 012e 63686172 		.ascii	"char\000"
 1317      00
 1318              	.LASF19:
 1319 0133 77726974 		.ascii	"write_col\000"
 1319      655F636F 
 1319      6C00
 1320              	.LASF36:
 1321 013d 433A5C55 		.ascii	"C:\\Users\\STUDENT\\Documents\\PSoC Creator\\Lab1\\"
 1321      73657273 
 1321      5C535455 
 1321      44454E54 
 1321      5C446F63 
 1322 016a 4C616233 		.ascii	"Lab3_Var6_Task2.cydsn\000"
 1322      5F566172 
 1322      365F5461 
 1322      736B322E 
 1322      63796473 
 1323              	.LASF2:
 1324 0180 73686F72 		.ascii	"short int\000"
 1324      7420696E 
 1324      7400
 1325              	.LASF4:
 1326 018a 6C6F6E67 		.ascii	"long int\000"
 1326      20696E74 
 1326      00
 1327              	.LASF16:
 1328 0193 6C6F6E67 		.ascii	"long double\000"
 1328      20646F75 
 1328      626C6500 
 1329              	.LASF0:
 1330 019f 7369676E 		.ascii	"signed char\000"
 1330      65642063 
 1330      68617200 
 1331              	.LASF34:
 1332 01ab 474E5520 		.ascii	"GNU C11 5.4.1 20160609 (release) [ARM/embedded-5-br"
 1332      43313120 
 1332      352E342E 
 1332      31203230 
 1332      31363036 
ARM GAS  C:\Users\STUDENT\AppData\Local\Temp\ccmDZyjs.s 			page 27


 1333 01de 616E6368 		.ascii	"anch revision 237715] -mcpu=cortex-m0 -mthumb -g -O"
 1333      20726576 
 1333      6973696F 
 1333      6E203233 
 1333      37373135 
 1334 0211 73202D66 		.ascii	"s -ffunction-sections -ffat-lto-objects\000"
 1334      66756E63 
 1334      74696F6E 
 1334      2D736563 
 1334      74696F6E 
 1335              	.LASF31:
 1336 0239 53575F54 		.ascii	"SW_Tx_UART_PutChar\000"
 1336      785F5541 
 1336      52545F50 
 1336      75744368 
 1336      617200
 1337              	.LASF17:
 1338 024c 6C617374 		.ascii	"last_key\000"
 1338      5F6B6579 
 1338      00
 1339              	.LASF20:
 1340 0255 7365745F 		.ascii	"set_col_dm\000"
 1340      636F6C5F 
 1340      646D00
 1341              	.LASF23:
 1342 0260 70617373 		.ascii	"password\000"
 1342      776F7264 
 1342      00
 1343              		.ident	"GCC: (GNU Tools for ARM Embedded Processors) 5.4.1 20160609 (release) [ARM/embedded-5-bran
